model-1664982448,1664982452.312,0.47,0.2501,0.49,0.2517
model-1664982448,1664982452.369,0.54,0.2471,0.57,0.2459
model-1664982448,1664982452.411,0.47,0.2702,0.5,0.2501
model-1664982448,1664982452.473,0.49,0.2502,0.53,0.2516
model-1664982448,1664982452.533,0.45,0.2603,0.43,0.258
model-1664982448,1664982452.585,0.45,0.2555,0.55,0.2488
model-1664982448,1664982452.631,0.47,0.2513,0.48,0.2501
model-1664982448,1664982452.678,0.47,0.2501,0.5,0.2502
model-1664982448,1664982452.726,0.46,0.2507,0.5,0.2501
model-1664982448,1664982452.79,0.45,0.2505,0.45,0.2501
model-1664982448,1664982452.829,0.47,0.25,0.53,0.2498
model-1664982448,1664982452.889,0.47,0.2501,0.53,0.2498
model-1664982448,1664982452.928,0.44,0.2501,0.51,0.2499
model-1664982448,1664982452.986,0.56,0.2499,0.48,0.25
model-1664982448,1664982453.04,0.41,0.2505,0.54,0.2498
model-1664982448,1664982453.091,0.52,0.2498,0.52,0.2499
model-1664982448,1664982453.141,0.54,0.2497,0.5,0.2499
model-1664982448,1664982453.19,0.47,0.2501,0.46,0.2501
model-1664982448,1664982453.238,0.51,0.2499,0.52,0.2499
model-1664982448,1664982453.29,0.57,0.2496,0.44,0.2502
model-1664982448,1664982453.329,0.48,0.25,0.48,0.2499
model-1664982448,1664982453.376,0.47,0.2499,0.53,0.2498
model-1664982448,1664982453.436,0.53,0.2495,0.52,0.2499
model-1664982448,1664982453.478,0.5,0.2498,0.63,0.2491
model-1664982448,1664982453.536,0.58,0.2495,0.5,0.2496
model-1664982448,1664982453.578,0.5,0.2497,0.51,0.2495
model-1664982448,1664982453.635,0.43,0.2504,0.47,0.2497
model-1664982448,1664982453.678,0.48,0.2497,0.53,0.2496
model-1664982448,1664982453.728,0.55,0.2495,0.52,0.25
model-1664982448,1664982453.787,0.55,0.2495,0.57,0.2493
model-1664982448,1664982453.829,0.58,0.2493,0.5,0.2505
model-1664982448,1664982453.889,0.61,0.2482,0.51,0.2493
model-1664982448,1664982453.929,0.49,0.2512,0.43,0.2519
model-1664982448,1664982453.976,0.51,0.249,0.52,0.2495
model-1664982448,1664982454.041,0.55,0.2459,0.49,0.2489
model-1664982448,1664982454.078,0.51,0.2482,0.56,0.246
model-1664982448,1664982454.129,0.42,0.2547,0.54,0.247
model-1664982448,1664982454.197,0.51,0.2498,0.55,0.2482
model-1664982448,1664982454.246,0.55,0.2486,0.6,0.248
model-1664982448,1664982454.296,0.59,0.2486,0.6,0.2482
model-1664982448,1664982454.349,0.53,0.2493,0.49,0.2496
model-1664982448,1664982454.399,0.53,0.2495,0.5,0.25
model-1664982448,1664982454.451,0.54,0.2483,0.56,0.2485
model-1664982448,1664982454.499,0.53,0.2487,0.59,0.249
model-1664982448,1664982454.554,0.55,0.2489,0.62,0.2462
model-1664982448,1664982454.599,0.64,0.2459,0.56,0.2472
model-1664982448,1664982454.646,0.63,0.2459,0.48,0.2524
model-1664982448,1664982454.706,0.54,0.248,0.55,0.2449
model-1664982448,1664982454.745,0.55,0.243,0.55,0.2437
model-1664982448,1664982454.803,0.51,0.2525,0.61,0.2445
model-1664982448,1664982454.857,0.6,0.2422,0.53,0.249
model-1664982448,1664982454.9,0.59,0.2436,0.53,0.249
model-1664982448,1664982454.946,0.66,0.2394,0.48,0.2545
model-1664982448,1664982455.007,0.44,0.254,0.64,0.2454
model-1664982448,1664982455.049,0.62,0.2431,0.59,0.2427
model-1664982448,1664982455.1,0.63,0.2318,0.52,0.2576
model-1664982448,1664982455.156,0.48,0.2638,0.56,0.2418
model-1664982448,1664982455.206,0.57,0.2427,0.47,0.2665
model-1664982448,1664982455.257,0.5,0.2558,0.48,0.2591
model-1664982448,1664982455.307,0.52,0.2468,0.57,0.2429
model-1664982448,1664982455.357,0.56,0.2401,0.51,0.2503
model-1664982448,1664982455.4,0.56,0.2465,0.57,0.2432
model-1664982448,1664982455.447,0.56,0.2469,0.43,0.2571
model-1664982448,1664982455.506,0.47,0.2544,0.51,0.2516
model-1664982448,1664982455.545,0.51,0.2513,0.51,0.2525
model-1664982448,1664982455.6,0.49,0.2505,0.47,0.2533
model-1664982448,1664982455.654,0.51,0.2503,0.51,0.2486
model-1664982448,1664982455.7,0.45,0.2565,0.5,0.2497
model-1664982448,1664982455.752,0.48,0.2528,0.58,0.2446
model-1664982448,1664982455.804,0.55,0.2462,0.49,0.2506
model-1664982448,1664982455.846,0.62,0.24,0.52,0.2479
model-1664982448,1664982455.9,0.59,0.2441,0.58,0.2456
model-1664982448,1664982455.952,0.51,0.2483,0.62,0.2427
model-1664982448,1664982456.0,0.62,0.2428,0.54,0.2467
model-1664982448,1664982456.047,0.63,0.2422,0.52,0.2499
model-1664982448,1664982456.102,0.58,0.2423,0.55,0.2476
model-1664982448,1664982456.145,0.55,0.2477,0.62,0.2373
model-1664982448,1664982456.2,0.56,0.2452,0.58,0.2394
model-1664982448,1664982456.252,0.6,0.2406,0.61,0.236
model-1664982448,1664982456.301,0.59,0.2377,0.55,0.2487
model-1664982448,1664982456.353,0.59,0.2334,0.57,0.2462
model-1664982448,1664982456.401,0.6,0.2366,0.59,0.2342
model-1664982448,1664982456.448,0.59,0.2373,0.61,0.2304
model-1664982448,1664982456.505,0.46,0.2562,0.57,0.2421
model-1664982448,1664982456.545,0.54,0.2429,0.65,0.2393
model-1664982448,1664982456.601,0.58,0.2374,0.59,0.2371
model-1664982448,1664982456.651,0.65,0.2244,0.56,0.2455
model-1664982448,1664982456.695,0.6,0.2362,0.57,0.2579
model-1664982448,1664982456.748,0.65,0.229,0.55,0.2625
model-1664982448,1664982456.8,0.53,0.2667,0.54,0.2405
model-1664982448,1664982456.846,0.56,0.2488,0.57,0.2439
model-1664982448,1664982456.893,0.58,0.2454,0.57,0.247
model-1664982448,1664982456.949,0.6,0.2382,0.55,0.249
model-1664982448,1664982456.995,0.61,0.2439,0.57,0.2558
model-1664982448,1664982457.048,0.54,0.2451,0.49,0.257
model-1664982448,1664982457.099,0.51,0.2599,0.58,0.2396
model-1664982448,1664982457.145,0.64,0.2377,0.6,0.2441
model-1664982448,1664982457.192,0.58,0.2391,0.71,0.23
model-1664982448,1664982457.242,0.62,0.2378,0.56,0.2454
model-1664982448,1664982457.291,0.68,0.2254,0.56,0.2434
model-1664982448,1664982457.34,0.5,0.2538,0.52,0.2568
model-1664982448,1664982457.391,0.56,0.2414,0.54,0.249
model-1664982448,1664982457.43,0.57,0.2445,0.55,0.2536
model-1664982448,1664982457.477,0.63,0.2304,0.5,0.2584
model-1664982448,1664982457.545,0.6,0.2341,0.53,0.2526
model-1664982448,1664982457.594,0.57,0.2465,0.57,0.2465
model-1664982448,1664982457.648,0.58,0.2323,0.6,0.2348
model-1664982448,1664982457.704,0.59,0.2432,0.53,0.243
model-1664982448,1664982457.745,0.68,0.2309,0.58,0.2423
model-1664982448,1664982457.814,0.64,0.2349,0.58,0.2421
model-1664982448,1664982457.87,0.65,0.2308,0.53,0.2452
model-1664982448,1664982457.918,0.63,0.2358,0.56,0.2383
model-1664982448,1664982457.978,0.67,0.2216,0.56,0.2409
model-1664982448,1664982458.032,0.67,0.2145,0.62,0.2384
model-1664982448,1664982458.087,0.56,0.2525,0.52,0.2414
model-1664982448,1664982458.142,0.61,0.233,0.53,0.2485
model-1664982448,1664982458.197,0.69,0.2299,0.66,0.2226
model-1664982448,1664982458.25,0.62,0.2343,0.62,0.2237
model-1664982448,1664982458.306,0.58,0.2433,0.57,0.2419
model-1664982448,1664982458.346,0.63,0.2329,0.55,0.2492
model-1664982448,1664982458.403,0.61,0.232,0.63,0.2379
model-1664982448,1664982458.475,0.59,0.2282,0.64,0.2253
model-1664982448,1664982458.519,0.64,0.2314,0.65,0.2314
model-1664982448,1664982458.587,0.6,0.2137,0.51,0.2886
model-1664982448,1664982458.634,0.48,0.2885,0.54,0.2513
model-1664982448,1664982458.696,0.6,0.248,0.65,0.2368
model-1664982448,1664982458.734,0.65,0.2281,0.63,0.2342
model-1664982448,1664982458.805,0.61,0.2286,0.63,0.2314
model-1664982448,1664982458.846,0.64,0.2236,0.63,0.2228
model-1664982448,1664982458.903,0.55,0.2502,0.6,0.2293
model-1664982448,1664982458.965,0.58,0.2471,0.61,0.2372
model-1664982448,1664982459.019,0.64,0.2272,0.53,0.2504
model-1664982448,1664982459.074,0.67,0.2221,0.52,0.2546
model-1664982448,1664982459.119,0.61,0.2405,0.7,0.214
model-1664982448,1664982459.166,0.54,0.2435,0.65,0.2314
model-1664982448,1664982459.234,0.69,0.2207,0.57,0.2481
model-1664982448,1664982459.282,0.63,0.2266,0.59,0.2384
model-1664982448,1664982459.341,0.64,0.2307,0.57,0.2457
model-1664982448,1664982459.381,0.61,0.221,0.63,0.225
model-1664982448,1664982459.444,0.64,0.2281,0.61,0.2363
model-1664982448,1664982459.496,0.69,0.2157,0.61,0.2321
model-1664982448,1664982459.546,0.57,0.2374,0.66,0.2163
model-1664982448,1664982459.602,0.56,0.2411,0.53,0.2441
model-1664982448,1664982459.645,0.62,0.2292,0.62,0.2348
model-1664982448,1664982459.704,0.67,0.2232,0.61,0.2424
model-1664982448,1664982459.758,0.65,0.2245,0.57,0.2353
model-1664982448,1664982459.81,0.65,0.2278,0.53,0.2471
model-1664982448,1664982459.868,0.63,0.2328,0.65,0.2322
model-1664982448,1664982459.92,0.62,0.2515,0.59,0.2402
model-1664982448,1664982459.981,0.69,0.2192,0.66,0.2307
model-1664982448,1664982460.02,0.59,0.2256,0.67,0.2052
model-1664982448,1664982460.088,0.69,0.1996,0.63,0.228
model-1664982448,1664982460.135,0.62,0.229,0.6,0.2407
model-1664982448,1664982460.194,0.56,0.2505,0.57,0.2623
model-1664982448,1664982460.236,0.62,0.234,0.55,0.264
model-1664982448,1664982460.3,0.61,0.2296,0.57,0.2533
model-1664982448,1664982460.347,0.65,0.2182,0.58,0.2382
model-1664982448,1664982460.407,0.6,0.2344,0.54,0.2501
model-1664982448,1664982460.445,0.58,0.2374,0.52,0.262
model-1664982448,1664982460.505,0.58,0.2424,0.59,0.2365
model-1664982448,1664982460.564,0.59,0.2399,0.61,0.223
model-1664982448,1664982460.606,0.52,0.2518,0.66,0.2239
model-1664982448,1664982460.669,0.63,0.2313,0.59,0.2255
model-1664982448,1664982460.721,0.58,0.2319,0.61,0.2303
model-1664982448,1664982460.775,0.59,0.2412,0.52,0.2553
model-1664982448,1664982460.827,0.64,0.2296,0.65,0.2244
model-1664982448,1664982460.879,0.65,0.224,0.61,0.2296
model-1664982448,1664982460.922,0.74,0.2067,0.6,0.2369
model-1664982448,1664982460.984,0.58,0.2502,0.54,0.2384
model-1664982448,1664982461.039,0.57,0.2406,0.64,0.2336
model-1664982448,1664982461.079,0.62,0.2275,0.41,0.2662
model-1664982448,1664982461.137,0.59,0.2374,0.63,0.2256
model-1664982448,1664982461.193,0.54,0.2481,0.65,0.2222
model-1664982448,1664982461.238,0.54,0.247,0.56,0.2355
model-1664982448,1664982461.297,0.62,0.2257,0.65,0.2299
model-1664982448,1664982461.347,0.69,0.2289,0.59,0.2279
model-1664982448,1664982461.404,0.58,0.2342,0.66,0.2285
model-1664982448,1664982461.446,0.56,0.2386,0.56,0.2473
model-1664982448,1664982461.492,0.58,0.2324,0.62,0.2285
model-1664982448,1664982461.558,0.7,0.2136,0.67,0.219
model-1664982448,1664982461.607,0.56,0.2444,0.66,0.2256
model-1664982448,1664982461.66,0.67,0.2162,0.67,0.2212
model-1664982448,1664982461.707,0.6,0.2365,0.57,0.2361
model-1664982448,1664982461.762,0.66,0.2229,0.58,0.2364
model-1664982448,1664982461.814,0.7,0.2093,0.61,0.2408
model-1664982448,1664982461.868,0.59,0.2384,0.64,0.2308
model-1664982448,1664982461.908,0.65,0.2206,0.5,0.26
model-1664982448,1664982461.954,0.7,0.1961,0.67,0.2222
model-1664982448,1664982462.021,0.6,0.2249,0.57,0.2653
model-1664982448,1664982462.062,0.68,0.2112,0.56,0.2672
model-1664982448,1664982462.123,0.62,0.24,0.64,0.226
model-1664982448,1664982462.162,0.61,0.2469,0.68,0.218
model-1664982448,1664982462.223,0.6,0.2271,0.58,0.2402
model-1664982448,1664982462.262,0.63,0.2242,0.61,0.2369
model-1664982448,1664982462.323,0.59,0.2476,0.59,0.2387
model-1664982448,1664982462.375,0.55,0.2422,0.6,0.2359
model-1664982448,1664982462.424,0.59,0.2408,0.6,0.2397
model-1664982448,1664982462.471,0.67,0.2129,0.63,0.2331
model-1664982448,1664982462.527,0.58,0.244,0.57,0.2506
model-1664982448,1664982462.564,0.58,0.2646,0.58,0.2293
model-1664982448,1664982462.627,0.65,0.2279,0.69,0.2094
model-1664982448,1664982462.682,0.65,0.2361,0.59,0.2528
model-1664982448,1664982462.725,0.6,0.2277,0.5,0.2541
model-1664982448,1664982462.785,0.69,0.2173,0.6,0.2387
model-1664982448,1664982462.838,0.78,0.1975,0.54,0.2456
model-1664982448,1664982462.879,0.56,0.2347,0.65,0.2235
model-1664982448,1664982462.925,0.61,0.2306,0.59,0.2397
model-1664982448,1664982462.989,0.66,0.2245,0.58,0.2436
model-1664982448,1664982463.039,0.58,0.2338,0.6,0.2377
model-1664982448,1664982463.088,0.67,0.2147,0.64,0.2212
model-1664982448,1664982463.139,0.58,0.2306,0.62,0.2362
model-1664982448,1664982463.189,0.66,0.2202,0.59,0.2305
model-1664982448,1664982463.24,0.61,0.2295,0.56,0.2368
model-1664982448,1664982463.291,0.57,0.2449,0.57,0.2455
model-1664982448,1664982463.342,0.52,0.2632,0.55,0.2327
model-1664982448,1664982463.379,0.54,0.2479,0.57,0.2383
model-1664982448,1664982463.441,0.66,0.2312,0.54,0.2422
model-1664982448,1664982463.491,0.6,0.2277,0.65,0.2306
model-1664982448,1664982463.525,0.61,0.2329,0.56,0.2446
model-1664982448,1664982463.588,0.68,0.2189,0.59,0.2381
model-1664982448,1664982463.64,0.54,0.245,0.6,0.232
model-1664982448,1664982463.693,0.58,0.2408,0.64,0.2167
model-1664982448,1664982463.743,0.66,0.2136,0.59,0.236
model-1664982448,1664982463.794,0.67,0.2262,0.59,0.238
model-1664982448,1664982463.834,0.56,0.2461,0.65,0.218
model-1664982448,1664982463.894,0.54,0.252,0.63,0.2159
model-1664982448,1664982463.947,0.61,0.2372,0.61,0.2345
model-1664982448,1664982464.004,0.66,0.2223,0.6,0.2439
model-1664982448,1664982464.047,0.63,0.2361,0.55,0.2433
model-1664982448,1664982464.094,0.62,0.2235,0.62,0.2367
model-1664982448,1664982464.156,0.63,0.2323,0.61,0.2367
model-1664982448,1664982464.196,0.63,0.2258,0.65,0.232
model-1664982448,1664982464.262,0.67,0.2121,0.61,0.2302
model-1664982448,1664982464.316,0.69,0.2114,0.52,0.2502
model-1664982448,1664982464.368,0.63,0.2304,0.55,0.2416
model-1664982448,1664982464.412,0.68,0.22,0.62,0.2298
model-1664982448,1664982464.459,0.6,0.221,0.55,0.2577
model-1664982448,1664982464.52,0.62,0.2233,0.56,0.2439
model-1664982448,1664982464.562,0.67,0.2212,0.61,0.2433
model-1664982448,1664982464.62,0.58,0.2431,0.61,0.2299
model-1664982448,1664982464.662,0.72,0.2076,0.58,0.2397
model-1664982448,1664982464.713,0.7,0.2066,0.67,0.2231
model-1664982448,1664982464.77,0.73,0.2063,0.6,0.244
model-1664982448,1664982464.815,0.59,0.2212,0.63,0.2155
model-1664982448,1664982464.871,0.63,0.2267,0.61,0.2268
model-1664982448,1664982464.913,0.64,0.2257,0.65,0.2099
model-1664982448,1664982464.96,0.66,0.2085,0.64,0.2261
model-1664982448,1664982465.023,0.58,0.2242,0.61,0.2275
model-1664982448,1664982465.067,0.59,0.2335,0.65,0.2354
model-1664982448,1664982465.126,0.64,0.225,0.7,0.2084
model-1664982448,1664982465.162,0.6,0.2404,0.57,0.2336
model-1664982448,1664982465.229,0.67,0.2127,0.55,0.2556
model-1664982448,1664982465.264,0.64,0.2096,0.63,0.2429
model-1664982448,1664982465.327,0.61,0.2398,0.69,0.2143
model-1664982448,1664982465.376,0.58,0.2334,0.62,0.247
model-1664982448,1664982465.414,0.62,0.2128,0.6,0.235
model-1664982448,1664982465.461,0.66,0.2188,0.61,0.2434
model-1664982448,1664982465.523,0.49,0.2556,0.52,0.2432
model-1664982448,1664982465.562,0.59,0.2243,0.66,0.2154
model-1664982448,1664982465.615,0.68,0.2051,0.59,0.2367
model-1664982448,1664982465.67,0.62,0.2278,0.65,0.2319
model-1664982448,1664982465.715,0.56,0.2356,0.62,0.2354
model-1664982448,1664982465.762,0.57,0.2495,0.6,0.2292
model-1664982448,1664982465.818,0.58,0.242,0.57,0.2265
model-1664982448,1664982465.864,0.59,0.2276,0.64,0.2255
model-1664982448,1664982465.915,0.56,0.2414,0.57,0.2473
model-1664982448,1664982465.967,0.63,0.2224,0.68,0.2143
model-1664982448,1664982466.015,0.59,0.2317,0.67,0.2158
model-1664982448,1664982466.062,0.69,0.214,0.57,0.2506
model-1664982448,1664982466.112,0.64,0.2247,0.6,0.2317
model-1664982448,1664982466.148,0.61,0.2165,0.7,0.211
model-1664982448,1664982466.195,0.66,0.2188,0.72,0.2069
model-1664982448,1664982466.257,0.69,0.2157,0.6,0.2299
model-1664982448,1664982466.306,0.72,0.2039,0.63,0.2293
model-1664982448,1664982466.354,0.62,0.2391,0.61,0.2283
model-1664982448,1664982466.406,0.67,0.2066,0.67,0.2218
model-1664982448,1664982466.449,0.65,0.2106,0.57,0.2421
model-1664982448,1664982466.496,0.67,0.213,0.71,0.2025
model-1664982448,1664982466.553,0.67,0.209,0.66,0.2141
model-1664982448,1664982466.596,0.64,0.2154,0.59,0.2351
model-1664982448,1664982466.649,0.73,0.2013,0.62,0.2319
model-1664982448,1664982466.701,0.63,0.2181,0.63,0.2402
model-1664982448,1664982466.749,0.62,0.2389,0.55,0.2406
model-1664982448,1664982466.797,0.62,0.2425,0.67,0.2243
model-1664982448,1664982466.851,0.69,0.2007,0.59,0.2521
model-1664982448,1664982466.898,0.73,0.1851,0.59,0.2437
model-1664982448,1664982466.949,0.65,0.2148,0.6,0.2348
model-1664982448,1664982467.0,0.63,0.2299,0.64,0.212
model-1664982448,1664982467.049,0.7,0.1901,0.55,0.2495
model-1664982448,1664982467.096,0.65,0.2275,0.64,0.2313
model-1664982448,1664982467.148,0.75,0.1913,0.71,0.2026
model-1664982448,1664982467.18,0.62,0.2248,0.7,0.2
model-1664982448,1664982467.233,0.67,0.2149,0.6,0.2275
model-1664982448,1664982467.291,0.61,0.2165,0.63,0.2209
model-1664982448,1664982467.331,0.64,0.2178,0.62,0.2161
model-1664982448,1664982467.378,0.67,0.217,0.63,0.2476
model-1664982448,1664982467.437,0.66,0.2136,0.62,0.248
model-1664982448,1664982467.481,0.65,0.2349,0.73,0.2011
model-1664982448,1664982467.519,0.73,0.1976,0.67,0.2041
model-1664982448,1664982467.583,0.7,0.2208,0.57,0.2381
model-1664982448,1664982467.619,0.64,0.2294,0.65,0.2186
model-1664982448,1664982467.665,0.54,0.2521,0.63,0.2171
model-1664982448,1664982467.726,0.61,0.2135,0.56,0.246
model-1664982448,1664982467.764,0.64,0.2052,0.62,0.2423
model-1664982448,1664982467.823,0.62,0.2407,0.69,0.2211
model-1664982448,1664982467.873,0.72,0.2072,0.64,0.2287
model-1664982448,1664982467.92,0.67,0.2139,0.61,0.2185
model-1664982448,1664982467.965,0.69,0.1984,0.64,0.2146
model-1664982448,1664982468.018,0.62,0.2383,0.66,0.2277
model-1664982448,1664982468.067,0.62,0.2321,0.68,0.2057
model-1664982448,1664982468.114,0.65,0.2268,0.58,0.2331
model-1664982448,1664982468.163,0.75,0.1819,0.55,0.2426
model-1664982448,1664982468.211,0.65,0.2068,0.56,0.2434
model-1664982448,1664982468.259,0.62,0.2111,0.68,0.2163
model-1664982448,1664982468.307,0.66,0.2158,0.65,0.2216
model-1664982448,1664982468.348,0.58,0.2388,0.67,0.2052
model-1664982448,1664982468.395,0.63,0.2196,0.72,0.1927
model-1664982448,1664982468.453,0.63,0.2197,0.59,0.2349
model-1664982448,1664982468.496,0.68,0.2126,0.58,0.2488
model-1664982448,1664982468.537,0.64,0.2218,0.6,0.2417
model-1664982448,1664982468.597,0.56,0.2533,0.53,0.2642
model-1664982448,1664982468.637,0.72,0.2065,0.63,0.2103
model-1664982448,1664982468.684,0.68,0.2167,0.67,0.2069
model-1664982448,1664982468.74,0.7,0.199,0.69,0.2182
model-1664982448,1664982468.788,0.69,0.2032,0.66,0.2238
model-1664982448,1664982468.832,0.59,0.2413,0.62,0.2362
model-1664982448,1664982468.885,0.71,0.2068,0.58,0.2326
model-1664982448,1664982468.922,0.71,0.2034,0.66,0.2223
model-1664982448,1664982468.969,0.69,0.1981,0.63,0.2239
model-1664982448,1664982469.027,0.67,0.217,0.63,0.2299
model-1664982448,1664982469.065,0.66,0.2154,0.69,0.2135
model-1664982448,1664982469.122,0.68,0.2063,0.66,0.2124
model-1664982448,1664982469.17,0.66,0.2097,0.65,0.2269
model-1664982448,1664982469.213,0.73,0.1821,0.62,0.2159
model-1664982448,1664982469.253,0.71,0.1912,0.67,0.2189
model-1664982448,1664982469.316,0.68,0.2077,0.67,0.2114
model-1664982448,1664982469.348,0.71,0.2031,0.65,0.2247
model-1664982448,1664982469.411,0.7,0.1984,0.68,0.2093
model-1664982448,1664982469.461,0.69,0.1968,0.71,0.1996
model-1664982448,1664982469.498,0.66,0.2164,0.7,0.1872
model-1664982448,1664982469.555,0.69,0.1892,0.65,0.2162
model-1664982448,1664982469.604,0.73,0.1874,0.55,0.2552
model-1664982448,1664982469.647,0.71,0.2,0.69,0.2124
model-1664982448,1664982469.694,0.63,0.2364,0.68,0.2027
model-1664982448,1664982469.747,0.67,0.2089,0.61,0.2238
model-1664982448,1664982469.794,0.65,0.2138,0.66,0.2287
model-1664982448,1664982469.833,0.71,0.1985,0.56,0.278
model-1664982448,1664982469.89,0.63,0.2332,0.58,0.2436
model-1664982448,1664982469.924,0.74,0.1854,0.58,0.2424
model-1664982448,1664982469.971,0.59,0.2604,0.61,0.2532
model-1664982448,1664982470.034,0.64,0.2273,0.59,0.2329
model-1664982448,1664982470.081,0.75,0.1882,0.68,0.2061
model-1664982448,1664982470.124,0.7,0.2023,0.68,0.2029
model-1664982448,1664982470.175,0.68,0.212,0.62,0.2209
model-1664982448,1664982470.215,0.57,0.2443,0.68,0.206
model-1664982448,1664982470.272,0.69,0.194,0.66,0.2211
model-1664982448,1664982470.323,0.69,0.1946,0.59,0.2362
model-1664982448,1664982470.364,0.73,0.1864,0.59,0.2331
model-1664982448,1664982470.411,0.59,0.2345,0.67,0.2024
model-1664982448,1664982470.468,0.63,0.2301,0.65,0.2331
model-1664982448,1664982470.513,0.7,0.2071,0.64,0.2086
model-1664982448,1664982470.556,0.67,0.1969,0.7,0.1951
model-1664982448,1664982470.61,0.63,0.2184,0.64,0.2351
model-1664982448,1664982470.648,0.72,0.1864,0.69,0.2136
model-1664982448,1664982470.694,0.65,0.193,0.66,0.2005
model-1664982448,1664982470.754,0.7,0.1953,0.73,0.1869
model-1664982448,1664982470.803,0.71,0.1845,0.63,0.235
model-1664982448,1664982470.847,0.7,0.205,0.64,0.2315
model-1664982448,1664982470.898,0.66,0.2203,0.66,0.2367
model-1664982448,1664982470.941,0.64,0.2064,0.65,0.217
model-1664982448,1664982470.988,0.68,0.2085,0.61,0.2313
model-1664982448,1664982471.041,0.73,0.1952,0.65,0.2039
model-1664982448,1664982471.081,0.68,0.2091,0.66,0.2096
model-1664982448,1664982471.126,0.72,0.1872,0.59,0.2474
model-1664982448,1664982471.184,0.79,0.1595,0.7,0.2043
model-1664982448,1664982471.226,0.66,0.2119,0.69,0.2046
model-1664982448,1664982471.279,0.73,0.1687,0.65,0.2251
model-1664982448,1664982471.327,0.7,0.1958,0.69,0.2089
model-1664982448,1664982471.364,0.69,0.1943,0.63,0.2371
model-1664982448,1664982471.411,0.68,0.2019,0.68,0.2109
model-1664982448,1664982471.469,0.72,0.1886,0.65,0.2096
model-1664982448,1664982471.513,0.75,0.1672,0.57,0.2346
model-1664982448,1664982471.558,0.7,0.1979,0.65,0.227
model-1664982448,1664982471.611,0.7,0.1925,0.7,0.1968
model-1664982448,1664982471.658,0.68,0.2151,0.66,0.2307
model-1664982448,1664982471.696,0.72,0.1886,0.69,0.195
model-1664982448,1664982471.756,0.61,0.2452,0.65,0.2254
model-1664982448,1664982471.807,0.69,0.1978,0.68,0.2022
model-1664982448,1664982471.847,0.69,0.2039,0.68,0.2193
model-1664982448,1664982471.903,0.63,0.227,0.69,0.2075
model-1664982448,1664982471.944,0.74,0.1935,0.62,0.2225
model-1664982448,1664982471.99,0.69,0.1938,0.56,0.2446
model-1664982448,1664982472.046,0.69,0.1933,0.59,0.239
model-1664982448,1664982472.08,0.55,0.2813,0.65,0.2104
model-1664982448,1664982472.128,0.63,0.2071,0.7,0.2056
model-1664982448,1664982472.19,0.72,0.1929,0.67,0.2131
model-1664982448,1664982472.228,0.68,0.2068,0.56,0.2449
model-1664982448,1664982472.289,0.64,0.2454,0.64,0.2291
model-1664982448,1664982472.34,0.65,0.2435,0.65,0.2127
model-1664982448,1664982472.379,0.69,0.1875,0.77,0.1784
model-1664982448,1664982472.429,0.73,0.1909,0.63,0.212
model-1664982448,1664982472.485,0.72,0.1821,0.69,0.2086
model-1664982448,1664982472.529,0.66,0.2081,0.74,0.1973
model-1664982448,1664982472.576,0.63,0.2238,0.72,0.1961
model-1664982448,1664982472.629,0.68,0.2089,0.75,0.1661
model-1664982448,1664982472.664,0.66,0.2123,0.62,0.2309
model-1664982448,1664982472.715,0.76,0.1882,0.68,0.2101
model-1664982448,1664982472.775,0.77,0.1903,0.72,0.2009
model-1664982448,1664982472.816,0.69,0.1974,0.64,0.2318
model-1664982448,1664982472.861,0.69,0.1831,0.7,0.2073
model-1664982448,1664982472.918,0.64,0.217,0.71,0.2052
model-1664982448,1664982472.963,0.74,0.1976,0.72,0.2011
model-1664982448,1664982473.017,0.75,0.1584,0.7,0.1847
model-1664982448,1664982473.067,0.7,0.1901,0.68,0.2141
model-1664982448,1664982473.114,0.69,0.1948,0.62,0.2179
model-1664982448,1664982473.161,0.72,0.1995,0.71,0.1978
model-1664982448,1664982473.209,0.69,0.2108,0.61,0.2098
model-1664982448,1664982473.257,0.68,0.2074,0.75,0.2056
model-1664982448,1664982473.304,0.73,0.182,0.67,0.21
model-1664982448,1664982473.354,0.73,0.1947,0.64,0.2134
model-1664982448,1664982473.397,0.69,0.2034,0.58,0.2284
model-1664982448,1664982473.445,0.68,0.202,0.72,0.1927
model-1664982448,1664982473.503,0.74,0.1753,0.64,0.2291
model-1664982448,1664982473.546,0.64,0.2128,0.6,0.2274
model-1664982448,1664982473.592,0.68,0.2047,0.67,0.2224
model-1664982448,1664982473.65,0.74,0.1744,0.73,0.1849
model-1664982448,1664982473.696,0.63,0.246,0.62,0.2378
model-1664982448,1664982473.748,0.63,0.1931,0.76,0.1656
model-1664982448,1664982473.801,0.72,0.18,0.69,0.212
model-1664982448,1664982473.847,0.72,0.1754,0.66,0.2187
model-1664982448,1664982473.894,0.73,0.1868,0.68,0.1951
model-1664982448,1664982473.944,0.71,0.1994,0.64,0.2099
model-1664982448,1664982473.981,0.69,0.2235,0.68,0.2053
model-1664982448,1664982474.031,0.78,0.1781,0.68,0.2138
model-1664982448,1664982474.09,0.72,0.1841,0.66,0.2307
model-1664982448,1664982474.131,0.75,0.1858,0.69,0.2165
model-1664982448,1664982474.178,0.74,0.1856,0.67,0.199
model-1664982448,1664982474.236,0.74,0.172,0.71,0.1869
model-1664982448,1664982474.288,0.68,0.2059,0.72,0.1845
model-1664982448,1664982474.332,0.63,0.2267,0.68,0.2183
model-1664982448,1664982474.385,0.72,0.1841,0.65,0.1982
model-1664982448,1664982474.432,0.73,0.1916,0.74,0.1908
model-1664982448,1664982474.479,0.75,0.1767,0.78,0.1835
model-1664982448,1664982474.535,0.69,0.2048,0.65,0.2123
model-1664982448,1664982474.58,0.71,0.1766,0.7,0.2003
model-1664982448,1664982474.633,0.71,0.1902,0.68,0.2057
model-1664982448,1664982474.686,0.73,0.1912,0.59,0.221
model-1664982448,1664982474.733,0.73,0.1868,0.57,0.2338
model-1664982448,1664982474.784,0.71,0.1902,0.71,0.1783
model-1664982448,1664982474.824,0.63,0.2472,0.71,0.1835
model-1664982448,1664982474.878,0.63,0.2079,0.69,0.1991
model-1664982448,1664982474.932,0.7,0.19,0.7,0.2138
model-1664982448,1664982474.987,0.67,0.2204,0.67,0.1896
model-1664982448,1664982475.035,0.65,0.2441,0.61,0.2435
model-1664982448,1664982475.088,0.69,0.1902,0.73,0.1898
model-1664982448,1664982475.135,0.64,0.2214,0.66,0.2084
model-1664982448,1664982475.182,0.68,0.2012,0.59,0.2392
model-1664982448,1664982475.236,0.73,0.1771,0.72,0.1945
model-1664982448,1664982475.287,0.8,0.1656,0.69,0.1927
model-1664982448,1664982475.339,0.66,0.2012,0.68,0.1912
model-1664982448,1664982475.381,0.79,0.1651,0.69,0.1994
model-1664982448,1664982475.435,0.79,0.1688,0.72,0.1948
model-1664982448,1664982475.487,0.75,0.1742,0.62,0.2149
model-1664982448,1664982475.536,0.74,0.1872,0.68,0.1988
model-1664982448,1664982475.588,0.61,0.2386,0.64,0.2254
model-1664982448,1664982475.636,0.74,0.1769,0.69,0.1993
model-1664982448,1664982475.683,0.73,0.1793,0.68,0.2051
model-1664982448,1664982475.734,0.82,0.1616,0.66,0.2193
model-1664982448,1664982475.782,0.76,0.1804,0.74,0.1852
model-1664982448,1664982475.832,0.74,0.1861,0.74,0.1833
model-1664982448,1664982475.884,0.7,0.1901,0.74,0.1675
model-1664982448,1664982475.93,0.79,0.15,0.7,0.2081
model-1664982448,1664982475.968,0.77,0.1647,0.71,0.1856
model-1664982448,1664982476.032,0.74,0.1884,0.68,0.2127
model-1664982448,1664982476.08,0.69,0.1882,0.73,0.1746
model-1664982448,1664982476.126,0.68,0.2071,0.69,0.1881
model-1664982448,1664982476.179,0.74,0.1764,0.69,0.2366
model-1664982448,1664982476.214,0.69,0.187,0.8,0.1563
model-1664982448,1664982476.278,0.68,0.1899,0.68,0.2006
model-1664982448,1664982476.326,0.72,0.1999,0.69,0.2209
model-1664982448,1664982476.364,0.71,0.1906,0.72,0.1751
model-1664982448,1664982476.415,0.73,0.1882,0.76,0.1619
model-1664982448,1664982476.476,0.71,0.1968,0.71,0.1939
model-1664982448,1664982476.516,0.67,0.2072,0.73,0.1812
model-1664982448,1664982476.568,0.82,0.1467,0.73,0.185
model-1664982448,1664982476.626,0.71,0.1831,0.68,0.2111
model-1664982448,1664982476.666,0.71,0.2167,0.75,0.183
model-1664982448,1664982476.713,0.68,0.2044,0.78,0.1653
model-1664982448,1664982476.774,0.65,0.227,0.69,0.2095
model-1664982448,1664982476.824,0.71,0.1902,0.72,0.1914
model-1664982448,1664982476.869,0.63,0.2255,0.64,0.226
model-1664982448,1664982476.922,0.73,0.1833,0.67,0.1969
model-1664982448,1664982476.965,0.64,0.2104,0.65,0.2092
model-1664982448,1664982477.012,0.71,0.1949,0.68,0.1978
model-1664982448,1664982477.07,0.69,0.2085,0.73,0.2001
model-1664982448,1664982477.113,0.74,0.1808,0.66,0.1963
model-1664982448,1664982477.155,0.69,0.187,0.76,0.1636
model-1664982448,1664982477.218,0.65,0.2073,0.67,0.1919
model-1664982448,1664982477.255,0.72,0.1803,0.72,0.1692
model-1664982448,1664982477.316,0.7,0.2064,0.79,0.1684
model-1664982448,1664982477.373,0.72,0.1816,0.64,0.2049
model-1664982448,1664982477.413,0.66,0.209,0.77,0.1623
model-1664982448,1664982477.469,0.72,0.1785,0.67,0.2015
model-1664982448,1664982477.52,0.79,0.1609,0.67,0.1836
model-1664982448,1664982477.555,0.75,0.1662,0.76,0.1957
model-1664982448,1664982477.618,0.76,0.1879,0.81,0.1447
model-1664982448,1664982477.671,0.72,0.1936,0.67,0.175
model-1664982448,1664982477.713,0.68,0.1837,0.67,0.2122
model-1664982448,1664982477.755,0.63,0.2376,0.71,0.1938
model-1664982448,1664982477.821,0.82,0.1526,0.65,0.1945
model-1664982448,1664982477.864,0.75,0.1595,0.77,0.1678
model-1664982448,1664982477.911,0.8,0.148,0.71,0.2121
model-1664982448,1664982477.969,0.65,0.2096,0.71,0.2051
model-1664982448,1664982478.017,0.73,0.1727,0.78,0.1623
model-1664982448,1664982478.066,0.72,0.1916,0.73,0.1891
model-1664982448,1664982478.118,0.71,0.1869,0.69,0.2135
model-1664982448,1664982478.167,0.72,0.1916,0.73,0.1871
model-1664982448,1664982478.219,0.74,0.1779,0.68,0.2072
model-1664982448,1664982478.268,0.72,0.1759,0.67,0.2147
model-1664982448,1664982478.318,0.77,0.1589,0.7,0.1947
model-1664982448,1664982478.369,0.65,0.2163,0.69,0.1838
model-1664982448,1664982478.413,0.77,0.1613,0.69,0.2039
model-1664982448,1664982478.457,0.73,0.1978,0.72,0.1919
model-1664982448,1664982478.517,0.66,0.1982,0.7,0.1712
model-1664982448,1664982478.558,0.75,0.1822,0.77,0.1616
model-1664982448,1664982478.605,0.68,0.1928,0.66,0.2223
model-1664982448,1664982478.668,0.76,0.183,0.64,0.2234
model-1664982448,1664982478.713,0.7,0.1917,0.68,0.1899
model-1664982448,1664982478.758,0.78,0.1539,0.66,0.1869
model-1664982448,1664982478.819,0.69,0.2013,0.73,0.1604
model-1664982448,1664982478.864,0.77,0.1629,0.74,0.1793
model-1664982448,1664982478.911,0.77,0.1614,0.75,0.1803
model-1664982448,1664982478.97,0.79,0.1478,0.72,0.2057
model-1664982448,1664982479.013,0.72,0.1935,0.72,0.2022
model-1664982448,1664982479.07,0.73,0.1811,0.74,0.1888
model-1664982448,1664982479.113,0.68,0.199,0.7,0.1955
model-1664982448,1664982479.17,0.82,0.1369,0.71,0.183
model-1664982448,1664982479.213,0.78,0.1727,0.73,0.1751
model-1664982448,1664982479.26,0.71,0.1804,0.75,0.167
model-1664982448,1664982479.327,0.7,0.1826,0.74,0.182
model-1664982448,1664982479.366,0.68,0.1959,0.74,0.1642
model-1664982448,1664982479.413,0.75,0.1561,0.72,0.1839
model-1664982448,1664982479.475,0.71,0.1736,0.67,0.2147
model-1664982448,1664982479.513,0.75,0.1752,0.66,0.2144
model-1664982448,1664982479.573,0.73,0.1828,0.76,0.1798
model-1664982448,1664982479.616,0.7,0.1902,0.79,0.1454
model-1664982448,1664982479.675,0.76,0.1656,0.74,0.1605
model-1664982448,1664982479.715,0.72,0.1695,0.7,0.169
model-1664982448,1664982479.762,0.76,0.1567,0.76,0.1736
model-1664982448,1664982479.824,0.77,0.1627,0.71,0.1871
model-1664982448,1664982479.864,0.76,0.1667,0.73,0.1772
model-1664982448,1664982479.911,0.8,0.1557,0.65,0.2125
model-1664982448,1664982479.971,0.81,0.1608,0.72,0.2015
model-1664982448,1664982480.013,0.74,0.169,0.79,0.1572
model-1664982448,1664982480.062,0.74,0.1847,0.74,0.1841
model-1664982448,1664982480.125,0.74,0.1889,0.73,0.1779
model-1664982448,1664982480.162,0.74,0.1668,0.67,0.2045
model-1664982448,1664982480.209,0.72,0.181,0.66,0.1996
model-1664982448,1664982480.271,0.86,0.122,0.78,0.1626
model-1664982448,1664982480.322,0.83,0.1372,0.67,0.2008
model-1664982448,1664982480.362,0.77,0.1551,0.68,0.2202
model-1664982448,1664982480.424,0.77,0.1676,0.7,0.2083
model-1664982448,1664982480.462,0.72,0.1707,0.66,0.2035
model-1664982448,1664982480.524,0.79,0.172,0.73,0.1821
model-1664982448,1664982480.562,0.78,0.178,0.65,0.227
model-1664982448,1664982480.609,0.78,0.1543,0.78,0.1667
model-1664982448,1664982480.673,0.73,0.1598,0.73,0.1867
model-1664982448,1664982480.714,0.79,0.1472,0.64,0.2278
model-1664982448,1664982480.763,0.68,0.2299,0.67,0.193
model-1664982448,1664982480.825,0.77,0.1536,0.74,0.1917
model-1664982448,1664982480.866,0.81,0.1488,0.66,0.1994
model-1664982448,1664982480.925,0.75,0.1676,0.77,0.1713
model-1664982448,1664982480.963,0.71,0.1826,0.78,0.1672
model-1664982448,1664982481.01,0.73,0.174,0.68,0.2207
model-1664982448,1664982481.074,0.69,0.1954,0.63,0.2148
model-1664982448,1664982481.113,0.66,0.1843,0.66,0.2011
model-1664982448,1664982481.166,0.82,0.1562,0.71,0.1881
model-1664982448,1664982481.224,0.75,0.1628,0.65,0.2247
model-1664982448,1664982481.266,0.74,0.1954,0.69,0.2012
model-1664982448,1664982481.329,0.65,0.2116,0.72,0.2094
model-1664982448,1664982481.364,0.88,0.1337,0.66,0.2018
model-1664982448,1664982481.411,0.74,0.1658,0.67,0.2168
model-1664982448,1664982481.476,0.75,0.1715,0.65,0.2403
model-1664982448,1664982481.513,0.67,0.2275,0.77,0.17
model-1664982448,1664982481.564,0.68,0.217,0.67,0.2195
model-1664982448,1664982481.623,0.73,0.1656,0.79,0.164
model-1664982448,1664982481.664,0.78,0.1567,0.73,0.1846
model-1664982448,1664982481.715,0.68,0.1894,0.71,0.2041
model-1664982448,1664982481.772,0.69,0.1837,0.7,0.2042
model-1664982448,1664982481.816,0.69,0.1929,0.74,0.1698
model-1664982448,1664982481.865,0.75,0.1697,0.71,0.1854
model-1664982448,1664982481.92,0.77,0.1519,0.73,0.1852
model-1664982448,1664982481.965,0.75,0.184,0.71,0.1894
model-1664982448,1664982482.012,0.69,0.1921,0.66,0.186
model-1664982448,1664982482.068,0.78,0.1625,0.74,0.1777
model-1664982448,1664982482.113,0.77,0.1738,0.71,0.1848
model-1664982448,1664982482.15,0.77,0.1596,0.64,0.2065
model-1664982448,1664982482.216,0.74,0.1779,0.76,0.1776
model-1664982448,1664982482.265,0.75,0.1619,0.7,0.1806
model-1664982448,1664982482.317,0.82,0.1267,0.72,0.2002
model-1664982448,1664982482.369,0.76,0.1718,0.66,0.2049
model-1664982448,1664982482.413,0.78,0.1549,0.77,0.1639
model-1664982448,1664982482.451,0.74,0.1635,0.67,0.1923
model-1664982448,1664982482.516,0.76,0.167,0.73,0.1788
model-1664982448,1664982482.566,0.71,0.1816,0.71,0.1989
model-1664982448,1664982482.613,0.79,0.1583,0.75,0.1673
model-1664982448,1664982482.671,0.79,0.1567,0.72,0.1956
model-1664982448,1664982482.713,0.73,0.179,0.72,0.1662
model-1664982448,1664982482.772,0.79,0.1504,0.67,0.2053
model-1664982448,1664982482.816,0.74,0.1814,0.74,0.1837
model-1664982448,1664982482.873,0.81,0.1358,0.8,0.1551
model-1664982448,1664982482.913,0.7,0.1999,0.68,0.2015
model-1664982448,1664982482.967,0.74,0.178,0.72,0.1646
model-1664982448,1664982483.024,0.76,0.1698,0.78,0.1621
model-1664982448,1664982483.075,0.7,0.1929,0.74,0.1881
model-1664982448,1664982483.125,0.76,0.1609,0.63,0.2251
model-1664982448,1664982483.174,0.76,0.1659,0.65,0.2238
model-1664982448,1664982483.222,0.75,0.1658,0.67,0.1928
model-1664982448,1664982483.274,0.63,0.2359,0.7,0.2074
model-1664982448,1664982483.324,0.78,0.1629,0.78,0.1768
model-1664982448,1664982483.375,0.77,0.1664,0.7,0.1973
model-1664982448,1664982483.413,0.78,0.1534,0.66,0.2202
model-1664982448,1664982483.468,0.71,0.1891,0.74,0.1444
model-1664982448,1664982483.516,0.69,0.2047,0.77,0.1683
model-1664982448,1664982483.569,0.81,0.1597,0.78,0.1708
model-1664982448,1664982483.615,0.76,0.1685,0.75,0.172
model-1664982448,1664982483.671,0.79,0.1634,0.69,0.1848
model-1664982448,1664982483.713,0.76,0.1689,0.73,0.1904
model-1664982448,1664982483.754,0.75,0.1697,0.81,0.1524
model-1664982448,1664982483.819,0.75,0.1747,0.73,0.1742
model-1664982448,1664982483.854,0.75,0.1695,0.65,0.2035
model-1664982448,1664982483.901,0.78,0.153,0.77,0.1777
model-1664982448,1664982483.966,0.83,0.1253,0.74,0.1855
model-1664982448,1664982484.013,0.79,0.1562,0.69,0.2155
model-1664982448,1664982484.054,0.79,0.1507,0.68,0.2012
model-1664982448,1664982484.113,0.73,0.1968,0.7,0.1694
model-1664982448,1664982484.154,0.76,0.1696,0.77,0.1622
model-1664982448,1664982484.201,0.81,0.1351,0.7,0.1877
model-1664982448,1664982484.254,0.8,0.1618,0.73,0.1787
model-1664982448,1664982484.308,0.79,0.1472,0.68,0.2078
model-1664982448,1664982484.359,0.77,0.1753,0.74,0.167
model-1664982448,1664982484.41,0.76,0.1584,0.7,0.1882
model-1664982448,1664982484.454,0.78,0.1648,0.68,0.1986
model-1664982448,1664982484.501,0.73,0.1603,0.68,0.1979
model-1664982448,1664982484.558,0.68,0.1875,0.72,0.1765
model-1664982448,1664982484.597,0.75,0.1904,0.69,0.2073
model-1664982448,1664982484.644,0.73,0.1886,0.74,0.1788
model-1664982448,1664982484.707,0.76,0.1578,0.79,0.1456
model-1664982448,1664982484.755,0.68,0.2048,0.65,0.2038
model-1664982448,1664982484.804,0.77,0.1585,0.76,0.1776
model-1664982448,1664982484.857,0.79,0.1557,0.68,0.1749
model-1664982448,1664982484.906,0.68,0.2068,0.8,0.1604
model-1664982448,1664982484.958,0.75,0.1529,0.73,0.1961
model-1664982448,1664982484.997,0.75,0.1701,0.68,0.2024
model-1664982448,1664982485.048,0.79,0.1439,0.72,0.1875
model-1664982448,1664982485.105,0.7,0.1823,0.75,0.1856
model-1664982448,1664982485.147,0.72,0.1816,0.74,0.1702
model-1664982448,1664982485.203,0.72,0.168,0.79,0.1646
model-1664982448,1664982485.259,0.74,0.1726,0.77,0.1697
model-1664982448,1664982485.307,0.82,0.1346,0.71,0.1826
model-1664982448,1664982485.358,0.8,0.1541,0.73,0.1808
model-1664982448,1664982485.397,0.78,0.1378,0.75,0.1659
model-1664982448,1664982485.448,0.76,0.1542,0.66,0.2072
model-1664982448,1664982485.508,0.77,0.1729,0.7,0.1953
model-1664982448,1664982485.547,0.71,0.2105,0.69,0.195
model-1664982448,1664982485.589,0.79,0.1614,0.71,0.1911
model-1664982448,1664982485.657,0.77,0.1626,0.68,0.2087
model-1664982448,1664982485.697,0.79,0.1664,0.75,0.185
model-1664982448,1664982485.744,0.74,0.1663,0.8,0.1653
model-1664982448,1664982485.805,0.77,0.1467,0.73,0.175
model-1664982448,1664982485.848,0.74,0.1644,0.74,0.1713
model-1664982448,1664982485.889,0.72,0.1745,0.82,0.1432
model-1664982448,1664982485.954,0.73,0.1678,0.77,0.1672
model-1664982448,1664982485.997,0.82,0.154,0.69,0.1948
model-1664982448,1664982486.028,0.75,0.2034,0.78,0.1652
model-1664982448,1664982486.094,0.75,0.181,0.78,0.158
model-1664982448,1664982486.145,0.77,0.1621,0.72,0.1846
model-1664982448,1664982486.194,0.69,0.1848,0.79,0.1574
model-1664982448,1664982486.232,0.67,0.202,0.79,0.1373
model-1664982448,1664982486.292,0.75,0.1635,0.7,0.1951
model-1664982448,1664982486.344,0.65,0.2119,0.81,0.1427
model-1664982448,1664982486.391,0.74,0.193,0.73,0.19
model-1664982448,1664982486.438,0.79,0.1515,0.68,0.1916
model-1664982448,1664982486.492,0.84,0.1345,0.76,0.1652
model-1664982448,1664982486.53,0.72,0.1732,0.76,0.1781
model-1664982448,1664982486.575,0.79,0.148,0.74,0.1656
model-1664982448,1664982486.642,0.86,0.1369,0.76,0.1735
model-1664982448,1664982486.691,0.76,0.1638,0.71,0.1779
model-1664982448,1664982486.738,0.8,0.1474,0.79,0.1378
model-1664982448,1664982486.791,0.72,0.2074,0.7,0.1852
model-1664982448,1664982486.831,0.76,0.1541,0.73,0.1784
model-1664982448,1664982486.876,0.8,0.1452,0.74,0.1794
model-1664982448,1664982486.94,0.81,0.1553,0.71,0.1859
model-1664982448,1664982486.991,0.74,0.1713,0.69,0.2024
model-1664982448,1664982487.033,0.78,0.1614,0.66,0.2014
model-1664982448,1664982487.092,0.75,0.1702,0.78,0.1532
model-1664982448,1664982487.132,0.83,0.1213,0.83,0.1441
model-1664982448,1664982487.176,0.8,0.1424,0.77,0.168
model-1664982448,1664982487.241,0.77,0.1481,0.75,0.1817
model-1664982448,1664982487.291,0.77,0.1586,0.72,0.1704
model-1664982448,1664982487.333,0.73,0.1846,0.73,0.1682
model-1664982448,1664982487.392,0.77,0.1515,0.76,0.1607
model-1664982448,1664982487.43,0.76,0.1693,0.7,0.1811
model-1664982448,1664982487.476,0.7,0.1669,0.71,0.1864
model-1664982448,1664982487.542,0.73,0.1729,0.77,0.173
model-1664982448,1664982487.592,0.74,0.1747,0.73,0.163
model-1664982448,1664982487.639,0.79,0.1518,0.65,0.2135
model-1664982448,1664982487.692,0.73,0.1731,0.78,0.1583
model-1664982448,1664982487.73,0.73,0.1959,0.75,0.1751
model-1664982448,1664982487.79,0.78,0.1384,0.73,0.1805
model-1664982448,1664982487.842,0.75,0.1598,0.74,0.1684
model-1664982448,1664982487.882,0.74,0.2015,0.73,0.182
model-1664982448,1664982487.929,0.73,0.1699,0.71,0.1975
model-1664982448,1664982487.982,0.72,0.1777,0.7,0.1791
model-1664982448,1664982488.041,0.73,0.1701,0.79,0.167
model-1664982448,1664982488.089,0.69,0.191,0.75,0.1623
model-1664982448,1664982488.141,0.84,0.1368,0.79,0.1439
model-1664982448,1664982488.19,0.69,0.193,0.72,0.183
model-1664982448,1664982488.239,0.75,0.1563,0.84,0.1279
model-1664982448,1664982488.292,0.71,0.1863,0.68,0.1985
model-1664982448,1664982488.341,0.78,0.1473,0.73,0.1778
model-1664982448,1664982488.393,0.75,0.1648,0.75,0.1773
model-1664982448,1664982488.43,0.75,0.181,0.74,0.1792
model-1664982448,1664982488.478,0.7,0.1719,0.83,0.1288
model-1664982448,1664982488.541,0.75,0.1614,0.72,0.1812
model-1664982448,1664982488.578,0.81,0.1376,0.77,0.1708
model-1664982448,1664982488.632,0.73,0.1915,0.75,0.1733
model-1664982448,1664982488.692,0.72,0.1734,0.71,0.1651
model-1664982448,1664982488.73,0.81,0.15,0.78,0.1544
model-1664982448,1664982488.789,0.83,0.1288,0.79,0.1516
model-1664982448,1664982488.843,0.74,0.1727,0.71,0.1842
model-1664982448,1664982488.881,0.69,0.1802,0.79,0.1536
model-1664982448,1664982488.928,0.73,0.1699,0.71,0.1866
model-1664982448,1664982488.982,0.7,0.1918,0.8,0.1526
model-1664982448,1664982489.029,0.84,0.1342,0.81,0.1451
model-1664982448,1664982489.08,0.8,0.142,0.71,0.1693
model-1664982448,1664982489.141,0.78,0.1328,0.74,0.1635
model-1664982448,1664982489.18,0.7,0.1863,0.7,0.213
model-1664982448,1664982489.227,0.81,0.1506,0.73,0.1784
model-1664982448,1664982489.287,0.78,0.1571,0.78,0.1452
model-1664982448,1664982489.331,0.75,0.18,0.79,0.1477
model-1664982448,1664982489.381,0.74,0.1782,0.75,0.1679
model-1664982448,1664982489.436,0.78,0.1456,0.77,0.1867
model-1664982448,1664982489.481,0.81,0.1358,0.71,0.1869
model-1664982448,1664982489.528,0.8,0.1336,0.76,0.1816
model-1664982448,1664982489.586,0.67,0.2042,0.69,0.1806
model-1664982448,1664982489.63,0.83,0.1333,0.81,0.1552
model-1664982448,1664982489.682,0.79,0.1518,0.78,0.1525
model-1664982448,1664982489.736,0.72,0.171,0.67,0.1761
model-1664982448,1664982489.783,0.79,0.1746,0.74,0.1708
model-1664982448,1664982489.837,0.72,0.178,0.81,0.1589
model-1664982448,1664982489.883,0.8,0.1462,0.72,0.1873
model-1664982448,1664982489.93,0.73,0.1519,0.76,0.1645
model-1664982448,1664982489.988,0.9,0.1143,0.78,0.1578
model-1664982448,1664982490.035,0.7,0.1909,0.79,0.1627
model-1664982448,1664982490.082,0.75,0.155,0.74,0.1846
model-1664982448,1664982490.136,0.82,0.1244,0.78,0.1719
model-1664982448,1664982490.184,0.83,0.1182,0.71,0.1632
model-1664982448,1664982490.236,0.75,0.1705,0.76,0.1605
model-1664982448,1664982490.286,0.8,0.1454,0.75,0.158
model-1664982448,1664982490.339,0.72,0.1706,0.76,0.1527
model-1664982448,1664982490.382,0.81,0.1409,0.8,0.1431
model-1664982448,1664982490.429,0.82,0.1532,0.75,0.1675
model-1664982448,1664982490.487,0.76,0.1614,0.81,0.1378
model-1664982448,1664982490.53,0.77,0.1492,0.78,0.1658
model-1664982448,1664982490.583,0.73,0.1625,0.75,0.1692
model-1664982448,1664982490.636,0.84,0.1172,0.76,0.1641
model-1664982448,1664982490.683,0.79,0.147,0.73,0.1671
model-1664982448,1664982490.736,0.73,0.1595,0.81,0.1387
model-1664982448,1664982490.787,0.74,0.1584,0.81,0.1374
model-1664982448,1664982490.841,0.74,0.1605,0.72,0.189
model-1664982448,1664982490.884,0.81,0.1404,0.78,0.1667
model-1664982448,1664982490.931,0.79,0.1498,0.7,0.1794
model-1664982448,1664982490.992,0.83,0.112,0.75,0.1663
model-1664982448,1664982491.03,0.8,0.1423,0.73,0.1784
model-1664982448,1664982491.085,0.81,0.1413,0.66,0.2193
model-1664982448,1664982491.14,0.83,0.1322,0.72,0.1788
model-1664982448,1664982491.185,0.78,0.1516,0.74,0.171
model-1664982448,1664982491.241,0.8,0.1485,0.76,0.1518
model-1664982448,1664982491.29,0.76,0.1667,0.82,0.1382
model-1664982448,1664982491.342,0.73,0.1794,0.74,0.1793
model-1664982448,1664982491.386,0.82,0.1262,0.73,0.1861
model-1664982448,1664982491.433,0.76,0.1689,0.76,0.1427
model-1664982448,1664982491.492,0.87,0.1047,0.68,0.196
model-1664982448,1664982491.53,0.83,0.1115,0.76,0.1923
model-1664982448,1664982491.587,0.82,0.1309,0.77,0.1559
model-1664982448,1664982491.641,0.78,0.1571,0.69,0.2029
model-1664982448,1664982491.687,0.82,0.1302,0.8,0.1398
model-1664982448,1664982491.742,0.8,0.1571,0.72,0.1624
model-1664982448,1664982491.791,0.75,0.1706,0.72,0.1848
model-1664982448,1664982491.843,0.76,0.1433,0.77,0.1526
model-1664982448,1664982491.888,0.8,0.1218,0.74,0.1692
model-1664982448,1664982491.935,0.76,0.1346,0.81,0.1488
model-1664982448,1664982491.995,0.67,0.2289,0.7,0.1845
model-1664982448,1664982492.033,0.79,0.131,0.74,0.1828
model-1664982448,1664982492.088,0.81,0.1344,0.78,0.1669
model-1664982448,1664982492.142,0.77,0.1504,0.7,0.1919
model-1664982448,1664982492.189,0.73,0.1582,0.7,0.1755
model-1664982448,1664982492.242,0.76,0.1506,0.78,0.1717
model-1664982448,1664982492.292,0.72,0.181,0.8,0.1529
model-1664982448,1664982492.343,0.79,0.1697,0.81,0.1519
model-1664982448,1664982492.389,0.83,0.1218,0.73,0.1613
model-1664982448,1664982492.436,0.81,0.1383,0.71,0.2006
model-1664982448,1664982492.492,0.73,0.1856,0.75,0.1662
model-1664982448,1664982492.531,0.65,0.2139,0.79,0.158
model-1664982448,1664982492.573,0.84,0.1268,0.72,0.1822
model-1664982448,1664982492.633,0.74,0.1646,0.66,0.2131
model-1664982448,1664982492.689,0.7,0.18,0.67,0.2087
model-1664982448,1664982492.736,0.74,0.1765,0.71,0.1833
model-1664982448,1664982492.79,0.73,0.1887,0.75,0.1737
model-1664982448,1664982492.841,0.8,0.1365,0.66,0.1917
model-1664982448,1664982492.892,0.78,0.15,0.8,0.1454
model-1664982448,1664982492.933,0.79,0.1502,0.68,0.2089
model-1664982448,1664982492.974,0.77,0.1433,0.77,0.141
model-1664982448,1664982493.043,0.83,0.1454,0.77,0.1588
model-1664982448,1664982493.093,0.84,0.1261,0.72,0.1952
model-1664982448,1664982493.142,0.81,0.139,0.65,0.2061
model-1664982448,1664982493.192,0.75,0.158,0.75,0.1729
model-1664982448,1664982493.241,0.74,0.175,0.75,0.181
model-1664982448,1664982493.289,0.79,0.1362,0.76,0.1529
model-1664982448,1664982493.342,0.79,0.1526,0.74,0.1606
model-1664982448,1664982493.392,0.79,0.1395,0.78,0.1557
model-1664982448,1664982493.443,0.79,0.1655,0.72,0.1757
model-1664982448,1664982493.491,0.82,0.1271,0.77,0.1644
model-1664982448,1664982493.538,0.84,0.1235,0.7,0.1938
model-1664982448,1664982493.592,0.8,0.1359,0.72,0.1856
model-1664982448,1664982493.631,0.81,0.1304,0.72,0.1897
model-1664982448,1664982493.676,0.8,0.1395,0.7,0.1944
model-1664982448,1664982493.744,0.78,0.1591,0.77,0.1609
model-1664982448,1664982493.797,0.75,0.1619,0.75,0.1749
model-1664982448,1664982493.833,0.82,0.1513,0.76,0.1689
model-1664982448,1664982493.9,0.81,0.1409,0.78,0.151
model-1664982448,1664982493.947,0.77,0.1579,0.77,0.1537
model-1664982448,1664982493.992,0.85,0.1227,0.8,0.156
model-1664982448,1664982494.051,0.76,0.1767,0.83,0.1481
model-1664982448,1664982494.092,0.83,0.1192,0.75,0.1668
model-1664982448,1664982494.15,0.76,0.1678,0.74,0.1754
model-1664982448,1664982494.192,0.76,0.1694,0.77,0.1664
model-1664982448,1664982494.252,0.8,0.153,0.67,0.1915
model-1664982448,1664982494.305,0.74,0.162,0.74,0.1804
model-1664982448,1664982494.357,0.8,0.147,0.84,0.1349
model-1664982448,1664982494.398,0.8,0.1372,0.73,0.177
model-1664982448,1664982494.449,0.76,0.1445,0.67,0.2031
model-1664982448,1664982494.509,0.71,0.2039,0.7,0.1819
model-1664982448,1664982494.547,0.85,0.1347,0.75,0.1597
model-1664982448,1664982494.592,0.75,0.1583,0.7,0.1571
model-1664982448,1664982494.656,0.82,0.1391,0.71,0.1668
model-1664982448,1664982494.692,0.8,0.1679,0.67,0.1958
model-1664982448,1664982494.739,0.73,0.1981,0.72,0.19
model-1664982448,1664982494.806,0.78,0.1451,0.74,0.158
model-1664982448,1664982494.848,0.85,0.122,0.74,0.1614
model-1664982448,1664982494.892,0.78,0.1716,0.71,0.1884
model-1664982448,1664982494.955,0.75,0.1558,0.75,0.1708
model-1664982448,1664982494.992,0.76,0.1585,0.69,0.2041
model-1664982448,1664982495.054,0.77,0.1649,0.71,0.1572
model-1664982448,1664982495.093,0.76,0.1471,0.76,0.1593
model-1664982448,1664982495.154,0.82,0.1487,0.73,0.1738
model-1664982448,1664982495.193,0.85,0.1156,0.7,0.2013
model-1664982448,1664982495.24,0.78,0.1504,0.73,0.1757
model-1664982448,1664982495.305,0.8,0.1425,0.74,0.1586
model-1664982448,1664982495.347,0.77,0.1672,0.76,0.1568
model-1664982448,1664982495.393,0.78,0.1532,0.76,0.1579
model-1664982448,1664982495.453,0.85,0.1184,0.73,0.1653
model-1664982448,1664982495.503,0.79,0.1439,0.71,0.1934
model-1664982448,1664982495.554,0.85,0.12,0.72,0.1698
model-1664982448,1664982495.593,0.77,0.1461,0.71,0.205
model-1664982448,1664982495.64,0.73,0.1599,0.73,0.1722
model-1664982448,1664982495.701,0.77,0.151,0.73,0.1854
model-1664982448,1664982495.747,0.81,0.1358,0.69,0.1902
model-1664982448,1664982495.799,0.72,0.1775,0.76,0.1755
model-1664982448,1664982495.851,0.81,0.1517,0.81,0.1489
model-1664982448,1664982495.893,0.75,0.1825,0.76,0.163
model-1664982448,1664982495.94,0.77,0.1635,0.7,0.1938
model-1664982448,1664982496.001,0.75,0.1731,0.67,0.1996
model-1664982448,1664982496.049,0.81,0.1301,0.74,0.16
model-1664982448,1664982496.093,0.84,0.1351,0.78,0.1663
model-1664982448,1664982496.15,0.62,0.2172,0.74,0.175
model-1664982448,1664982496.193,0.75,0.1437,0.67,0.1888
model-1664982448,1664982496.24,0.76,0.1652,0.73,0.1859
model-1664982448,1664982496.297,0.81,0.1244,0.75,0.1707
model-1664982448,1664982496.333,0.74,0.1586,0.89,0.1155
model-1664982448,1664982496.378,0.74,0.1594,0.73,0.182
model-1664982448,1664982496.443,0.8,0.1401,0.73,0.1876
model-1664982448,1664982496.478,0.78,0.1582,0.73,0.1633
model-1664982448,1664982496.525,0.8,0.1304,0.78,0.1609
model-1664982448,1664982496.592,0.81,0.1322,0.72,0.1652
model-1664982448,1664982496.632,0.85,0.1215,0.73,0.1633
model-1664982448,1664982496.678,0.78,0.1388,0.73,0.1809
model-1664982448,1664982496.742,0.78,0.1626,0.75,0.1784
model-1664982448,1664982496.791,0.72,0.1829,0.73,0.1661
model-1664982448,1664982496.832,0.76,0.1536,0.8,0.1567
model-1664982448,1664982496.892,0.81,0.1425,0.76,0.1796
model-1664982448,1664982496.931,0.79,0.1374,0.77,0.1651
model-1664982448,1664982496.979,0.8,0.1617,0.69,0.2011
model-1664982448,1664982497.044,0.79,0.1304,0.71,0.18
model-1664982448,1664982497.092,0.78,0.1408,0.72,0.1772
model-1664982448,1664982497.131,0.76,0.1597,0.75,0.1817
model-1664982448,1664982497.2,0.78,0.1659,0.79,0.1465
model-1664982448,1664982497.246,0.82,0.1296,0.7,0.184
model-1664982448,1664982497.297,0.67,0.1907,0.8,0.1444
model-1664982448,1664982497.352,0.75,0.1607,0.7,0.1913
model-1664982448,1664982497.4,0.81,0.1409,0.71,0.1807
model-1664982448,1664982497.46,0.77,0.1655,0.76,0.1721
model-1664982448,1664982497.499,0.75,0.1838,0.79,0.1631
model-1664982448,1664982497.545,0.76,0.15,0.8,0.1483
model-1664982448,1664982497.609,0.74,0.1769,0.76,0.1489
model-1664982448,1664982497.648,0.75,0.1645,0.74,0.1576
model-1664982448,1664982497.696,0.83,0.1204,0.77,0.1825
model-1664982448,1664982497.759,0.89,0.1053,0.77,0.1624
model-1664982448,1664982497.811,0.79,0.1612,0.76,0.1464
model-1664982448,1664982497.848,0.84,0.124,0.8,0.1322
model-1664982448,1664982497.9,0.81,0.1309,0.77,0.1474
model-1664982448,1664982497.947,0.8,0.1471,0.75,0.1863
model-1664982448,1664982497.996,0.85,0.1223,0.74,0.1548
model-1664982448,1664982498.056,0.73,0.1901,0.77,0.1519
model-1664982448,1664982498.106,0.83,0.1353,0.79,0.1388
model-1664982448,1664982498.155,0.82,0.1364,0.8,0.1457
model-1664982448,1664982498.208,0.85,0.1183,0.75,0.1726
model-1664982448,1664982498.257,0.75,0.1619,0.8,0.1499
model-1664982448,1664982498.31,0.77,0.1481,0.81,0.1414
model-1664982448,1664982498.36,0.79,0.1502,0.73,0.1697
model-1664982448,1664982498.41,0.85,0.1121,0.81,0.1496
model-1664982448,1664982498.45,0.86,0.118,0.81,0.1234
model-1664982448,1664982498.497,0.81,0.1248,0.79,0.1507
model-1664982448,1664982498.559,0.78,0.1447,0.74,0.1954
model-1664982448,1664982498.597,0.76,0.1698,0.78,0.1517
model-1664982448,1664982498.644,0.81,0.1318,0.78,0.1549
model-1664982448,1664982498.713,0.8,0.1475,0.84,0.134
model-1664982448,1664982498.749,0.79,0.1527,0.83,0.1371
model-1664982448,1664982498.812,0.73,0.1648,0.77,0.1477
model-1664982448,1664982498.862,0.76,0.1589,0.78,0.1626
model-1664982448,1664982498.9,0.79,0.1262,0.75,0.1755
model-1664982448,1664982498.946,0.76,0.1662,0.75,0.1593
model-1664982448,1664982499.01,0.67,0.1905,0.71,0.2132
model-1664982448,1664982499.048,0.81,0.1242,0.78,0.1482
model-1664982448,1664982499.098,0.8,0.1415,0.81,0.1385
model-1664982448,1664982499.158,0.78,0.1803,0.74,0.1825
model-1664982448,1664982499.208,0.75,0.1557,0.77,0.1509
model-1664982448,1664982499.248,0.77,0.1565,0.77,0.1445
model-1664982448,1664982499.308,0.73,0.1562,0.8,0.1549
model-1664982448,1664982499.348,0.72,0.1696,0.86,0.1224
model-1664982448,1664982499.398,0.85,0.12,0.81,0.1324
model-1664982448,1664982499.456,0.75,0.1746,0.84,0.129
model-1664982448,1664982499.498,0.78,0.1478,0.82,0.1213
model-1664982448,1664982499.545,0.79,0.1498,0.74,0.1886
model-1664982448,1664982499.603,0.8,0.133,0.68,0.1828
model-1664982448,1664982499.648,0.75,0.1576,0.78,0.1439
model-1664982448,1664982499.699,0.78,0.1713,0.72,0.1769
model-1664982448,1664982499.756,0.78,0.152,0.71,0.2113
model-1664982448,1664982499.807,0.79,0.1411,0.74,0.1772
model-1664982448,1664982499.859,0.85,0.1214,0.76,0.1638
model-1664982448,1664982499.899,0.73,0.1783,0.8,0.1489
model-1664982448,1664982499.946,0.8,0.1559,0.73,0.1713
model-1664982448,1664982500.008,0.8,0.1374,0.75,0.15
model-1664982448,1664982500.052,0.86,0.1187,0.75,0.1667
model-1664982448,1664982500.099,0.79,0.1525,0.79,0.152
model-1664982448,1664982500.156,0.8,0.1488,0.77,0.1401
model-1664982448,1664982500.199,0.79,0.1409,0.81,0.1412
model-1664982448,1664982500.256,0.78,0.1605,0.79,0.1538
model-1664982448,1664982500.309,0.84,0.114,0.78,0.1685
model-1664982448,1664982500.349,0.83,0.1316,0.78,0.1496
model-1664982448,1664982500.399,0.8,0.1218,0.73,0.17
model-1664982448,1664982500.458,0.77,0.1642,0.75,0.1696
model-1664982448,1664982500.5,0.83,0.1406,0.83,0.128
model-1664982448,1664982500.547,0.8,0.1348,0.76,0.1759
model-1664982448,1664982500.61,0.76,0.1657,0.74,0.168
model-1664982448,1664982500.648,0.79,0.1595,0.82,0.1367
model-1664982448,1664982500.701,0.78,0.1396,0.8,0.1447
model-1664982448,1664982500.76,0.85,0.1177,0.8,0.1418
model-1664982448,1664982500.812,0.82,0.1121,0.81,0.1477
model-1664982448,1664982500.861,0.7,0.199,0.74,0.1798
model-1664982448,1664982500.9,0.86,0.1097,0.79,0.1452
model-1664982448,1664982500.947,0.84,0.1333,0.7,0.2088
model-1664982448,1664982501.01,0.75,0.175,0.72,0.1928
model-1664982448,1664982501.048,0.81,0.1542,0.76,0.1726
model-1664982448,1664982501.103,0.77,0.1606,0.77,0.153
model-1664982448,1664982501.16,0.83,0.1347,0.74,0.1677
model-1664982448,1664982501.203,0.77,0.1387,0.77,0.1652
model-1664982448,1664982501.26,0.88,0.1012,0.77,0.1618
model-1664982448,1664982501.311,0.76,0.1773,0.78,0.1537
model-1664982448,1664982501.36,0.77,0.1328,0.82,0.1356
model-1664982448,1664982501.403,0.85,0.1182,0.84,0.1396
model-1664982448,1664982501.45,0.87,0.1022,0.76,0.1679
model-1664982448,1664982501.508,0.78,0.1554,0.72,0.182
model-1664982448,1664982501.548,0.82,0.1381,0.79,0.1692
model-1664982448,1664982501.604,0.8,0.1472,0.74,0.1743
model-1664982448,1664982501.655,0.8,0.1339,0.82,0.136
model-1664982448,1664982501.704,0.81,0.1466,0.77,0.1675
model-1664982448,1664982501.755,0.77,0.1504,0.78,0.1594
model-1664982448,1664982501.807,0.81,0.1432,0.8,0.1491
model-1664982448,1664982501.859,0.79,0.133,0.81,0.1487
model-1664982448,1664982501.905,0.87,0.1068,0.8,0.1381
model-1664982448,1664982501.951,0.82,0.1307,0.76,0.1598
model-1664982448,1664982502.01,0.79,0.1365,0.77,0.1537
model-1664982448,1664982502.048,0.79,0.1399,0.72,0.1975
model-1664982448,1664982502.105,0.79,0.1411,0.81,0.1363
model-1664982448,1664982502.159,0.82,0.1187,0.78,0.171
model-1664982448,1664982502.205,0.78,0.1316,0.73,0.1748
model-1664982448,1664982502.26,0.87,0.0975,0.71,0.1859
model-1664982448,1664982502.3,0.82,0.1232,0.76,0.1324
model-1664982448,1664982502.347,0.82,0.1255,0.71,0.1827
model-1664982448,1664982502.41,0.87,0.1075,0.84,0.1327
model-1664982448,1664982502.448,0.83,0.1324,0.76,0.1632
model-1664982448,1664982502.506,0.81,0.1333,0.7,0.1843
model-1664982448,1664982502.55,0.78,0.1411,0.73,0.2001
model-1664982448,1664982502.606,0.75,0.1608,0.78,0.135
model-1664982448,1664982502.66,0.85,0.1082,0.85,0.1292
model-1664982448,1664982502.706,0.78,0.146,0.8,0.1397
model-1664982448,1664982502.753,0.9,0.095,0.84,0.1292
model-1664982448,1664982502.81,0.89,0.0922,0.78,0.1661
model-1664982448,1664982502.848,0.82,0.1298,0.82,0.1436
model-1664982448,1664982502.912,0.82,0.1311,0.77,0.1671
model-1664982448,1664982502.962,0.88,0.0988,0.74,0.1865
model-1664982448,1664982503.007,0.83,0.1369,0.74,0.1684
model-1664982448,1664982503.054,0.79,0.1593,0.75,0.1584
model-1664982448,1664982503.11,0.85,0.1243,0.73,0.1973
model-1664982448,1664982503.148,0.88,0.1033,0.74,0.1812
model-1664982448,1664982503.192,0.81,0.1282,0.68,0.195
model-1664982448,1664982503.258,0.72,0.207,0.76,0.1712
model-1664982448,1664982503.31,0.86,0.1141,0.71,0.2063
model-1664982448,1664982503.349,0.82,0.1226,0.84,0.1173
model-1664982448,1664982503.41,0.76,0.1578,0.76,0.181
model-1664982448,1664982503.458,0.79,0.1374,0.76,0.1686
model-1664982448,1664982503.492,0.78,0.1419,0.77,0.1637
model-1664982448,1664982503.56,0.8,0.1485,0.77,0.1815
model-1664982448,1664982503.592,0.82,0.1336,0.78,0.1588
model-1664982448,1664982503.655,0.83,0.1023,0.73,0.1794
model-1664982448,1664982503.708,0.83,0.1176,0.74,0.1599
model-1664982448,1664982503.748,0.74,0.1724,0.76,0.1907
model-1664982448,1664982503.81,0.7,0.2116,0.77,0.1495
model-1664982448,1664982503.86,0.85,0.1089,0.71,0.1803
model-1664982448,1664982503.893,0.81,0.1293,0.67,0.2244
model-1664982448,1664982503.957,0.76,0.1415,0.71,0.1862
model-1664982448,1664982504.012,0.77,0.1751,0.74,0.1862
model-1664982448,1664982504.049,0.71,0.1881,0.77,0.1504
model-1664982448,1664982504.109,0.81,0.1261,0.75,0.1788
model-1664982448,1664982504.16,0.79,0.139,0.82,0.1331
model-1664982448,1664982504.193,0.84,0.1252,0.87,0.1325
model-1664982448,1664982504.256,0.8,0.1328,0.77,0.1509
model-1664982448,1664982504.31,0.78,0.1566,0.73,0.1587
model-1664982448,1664982504.348,0.89,0.1131,0.76,0.1394
model-1664982448,1664982504.394,0.81,0.1328,0.78,0.1496
model-1664982448,1664982504.459,0.77,0.1602,0.7,0.1845
model-1664982448,1664982504.494,0.79,0.1453,0.77,0.1571
model-1664982448,1664982504.549,0.82,0.1135,0.77,0.1781
model-1664982448,1664982504.61,0.83,0.1318,0.79,0.1677
model-1664982448,1664982504.648,0.78,0.135,0.71,0.1885
model-1664982448,1664982504.695,0.79,0.1469,0.78,0.1615
model-1664982448,1664982504.759,0.86,0.0993,0.82,0.1337
model-1664982448,1664982504.811,0.88,0.0941,0.8,0.1584
model-1664982448,1664982504.848,0.76,0.1601,0.75,0.1613
model-1664982448,1664982504.91,0.79,0.1261,0.73,0.1737
model-1664982448,1664982504.948,0.81,0.1282,0.79,0.1538
model-1664982448,1664982504.995,0.81,0.1346,0.79,0.138
model-1664982448,1664982505.058,0.78,0.1435,0.77,0.1808
model-1664982448,1664982505.095,0.75,0.1634,0.76,0.1632
model-1664982448,1664982505.142,0.81,0.1496,0.71,0.1879
model-1664982448,1664982505.206,0.82,0.1346,0.78,0.1498
model-1664982448,1664982505.248,0.83,0.1177,0.8,0.1364
model-1664982448,1664982505.303,0.77,0.1706,0.8,0.1585
model-1664982448,1664982505.354,0.86,0.1057,0.81,0.1264
model-1664982448,1664982505.396,0.79,0.15,0.74,0.1691
model-1664982448,1664982505.443,0.78,0.1387,0.82,0.1383
model-1664982448,1664982505.503,0.74,0.1642,0.79,0.1487
model-1664982448,1664982505.553,0.74,0.1625,0.83,0.13
model-1664982448,1664982505.597,0.83,0.1298,0.75,0.1829
model-1664982448,1664982505.656,0.83,0.1195,0.79,0.1576
model-1664982448,1664982505.697,0.86,0.1216,0.67,0.2358
model-1664982448,1664982505.744,0.74,0.1783,0.78,0.163
model-1664982448,1664982505.806,0.84,0.1287,0.78,0.1537
model-1664982448,1664982505.848,0.81,0.1455,0.78,0.1783
model-1664982448,1664982505.897,0.83,0.1167,0.81,0.1396
model-1664982448,1664982505.954,0.79,0.1465,0.78,0.1445
model-1664982448,1664982505.997,0.81,0.1652,0.74,0.1866
model-1664982448,1664982506.044,0.8,0.1364,0.7,0.1836
model-1664982448,1664982506.109,0.79,0.1374,0.72,0.1608
model-1664982448,1664982506.148,0.76,0.1546,0.77,0.1688
model-1664982448,1664982506.198,0.83,0.1318,0.72,0.1914
model-1664982448,1664982506.259,0.82,0.1382,0.7,0.2118
model-1664982448,1664982506.309,0.78,0.1462,0.85,0.1228
model-1664982448,1664982506.361,0.82,0.1232,0.71,0.1865
model-1664982448,1664982506.399,0.8,0.1384,0.73,0.1738
model-1664982448,1664982506.445,0.9,0.0862,0.74,0.1921
model-1664982448,1664982506.512,0.8,0.1481,0.8,0.1406
model-1664982448,1664982506.548,0.82,0.1281,0.78,0.1587
model-1664982448,1664982506.599,0.79,0.1504,0.75,0.1861
model-1664982448,1664982506.66,0.77,0.1375,0.8,0.1337
model-1664982448,1664982506.699,0.85,0.1108,0.76,0.1578
model-1664982448,1664982506.759,0.81,0.1321,0.72,0.16
model-1664982448,1664982506.811,0.84,0.1278,0.78,0.1517
model-1664982448,1664982506.86,0.84,0.1216,0.74,0.1709
model-1664982448,1664982506.899,0.78,0.1684,0.78,0.1512
model-1664982448,1664982506.946,0.81,0.1442,0.71,0.1792
model-1664982448,1664982507.008,0.84,0.1131,0.72,0.1965
model-1664982448,1664982507.048,0.77,0.1723,0.79,0.1557
model-1664982448,1664982507.099,0.75,0.1622,0.74,0.1998
model-1664982448,1664982507.158,0.74,0.1773,0.8,0.1611
model-1664982448,1664982507.199,0.8,0.1548,0.79,0.1241
model-1664982448,1664982507.246,0.76,0.1645,0.82,0.129
model-1664982448,1664982507.307,0.83,0.0999,0.72,0.1786
model-1664982448,1664982507.348,0.78,0.1439,0.78,0.1401
model-1664982448,1664982507.399,0.68,0.2076,0.73,0.1892
model-1664982448,1664982507.467,0.81,0.1266,0.67,0.1995
model-1664982448,1664982507.514,0.75,0.1808,0.78,0.1776
model-1664982448,1664982507.575,0.82,0.1258,0.73,0.1821
model-1664982448,1664982507.615,0.83,0.1295,0.81,0.154
model-1664982448,1664982507.682,0.78,0.1507,0.76,0.1706
model-1664982448,1664982507.73,0.8,0.1288,0.8,0.1251
model-1664982448,1664982507.786,0.76,0.1545,0.75,0.1637
model-1664982448,1664982507.832,0.83,0.1179,0.8,0.1545
model-1664982448,1664982507.894,0.81,0.1237,0.74,0.1832
model-1664982448,1664982507.947,0.84,0.11,0.71,0.1923
model-1664982448,1664982508.0,0.85,0.1193,0.83,0.1378
model-1664982448,1664982508.048,0.8,0.153,0.77,0.1408
model-1664982448,1664982508.1,0.79,0.1555,0.72,0.1891
model-1664982448,1664982508.148,0.84,0.1319,0.72,0.1754
model-1664982448,1664982508.198,0.78,0.1426,0.76,0.1723
model-1664982448,1664982508.248,0.8,0.1419,0.69,0.1919
model-1664982448,1664982508.298,0.82,0.1362,0.76,0.1568
model-1664982448,1664982508.334,0.81,0.1349,0.76,0.169
model-1664982448,1664982508.4,0.78,0.1511,0.79,0.1626
model-1664982448,1664982508.448,0.77,0.1527,0.81,0.1513
model-1664982448,1664982508.495,0.83,0.1366,0.73,0.1834
model-1664982448,1664982508.554,0.82,0.1307,0.68,0.1916
model-1664982448,1664982508.582,0.79,0.1606,0.71,0.1881
model-1664982448,1664982508.661,0.81,0.1453,0.71,0.1863
model-1664982448,1664982508.715,0.83,0.1311,0.81,0.1521
model-1664982448,1664982508.767,0.79,0.1563,0.78,0.1514
model-1664982448,1664982508.817,0.81,0.152,0.74,0.1669
model-1664982448,1664982508.87,0.79,0.1417,0.75,0.1564
model-1664982448,1664982508.918,0.76,0.1641,0.8,0.1441
model-1664982448,1664982508.971,0.78,0.1622,0.68,0.1917
model-1664982448,1664982509.018,0.88,0.1067,0.71,0.1599
model-1664982448,1664982509.065,0.89,0.0956,0.73,0.1777
model-1664982448,1664982509.122,0.75,0.1545,0.81,0.1501
model-1664982448,1664982509.165,0.85,0.1243,0.77,0.1421
model-1664982448,1664982509.234,0.8,0.1348,0.72,0.1787
model-1664982448,1664982509.288,0.79,0.1527,0.73,0.1678
model-1664982448,1664982509.332,0.87,0.1044,0.79,0.1435
model-1664982448,1664982509.379,0.78,0.1662,0.84,0.1346
model-1664982448,1664982509.441,0.83,0.1263,0.74,0.1686
model-1664982448,1664982509.481,0.83,0.1257,0.83,0.1211
model-1664982448,1664982509.543,0.84,0.1274,0.74,0.1498
model-1664982448,1664982509.581,0.78,0.1475,0.77,0.1639
model-1664982448,1664982509.644,0.82,0.1316,0.8,0.141
model-1664982448,1664982509.682,0.78,0.1377,0.76,0.155
model-1664982448,1664982509.743,0.85,0.108,0.77,0.1641
model-1664982448,1664982509.791,0.85,0.1208,0.72,0.1849
model-1664982448,1664982509.842,0.83,0.1167,0.79,0.1441
model-1664982448,1664982509.884,0.77,0.1367,0.74,0.1744
model-1664982448,1664982509.936,0.77,0.1559,0.72,0.1899
model-1664982448,1664982509.99,0.83,0.1164,0.73,0.1915
model-1664982448,1664982510.041,0.79,0.1399,0.8,0.159
model-1664982448,1664982510.095,0.81,0.1296,0.74,0.1508
model-1664982448,1664982510.135,0.76,0.1443,0.79,0.1495
model-1664982448,1664982510.198,0.75,0.1425,0.75,0.1654
model-1664982448,1664982510.246,0.81,0.1121,0.77,0.1475
model-1664982448,1664982510.295,0.8,0.1356,0.77,0.1385
model-1664982448,1664982510.343,0.74,0.1861,0.76,0.1888
model-1664982448,1664982510.394,0.85,0.1044,0.8,0.1464
model-1664982448,1664982510.435,0.79,0.1368,0.79,0.1427
model-1664982448,1664982510.482,0.76,0.1793,0.71,0.1855
model-1664982448,1664982510.55,0.82,0.1237,0.81,0.1359
model-1664982448,1664982510.597,0.79,0.1429,0.73,0.1932
model-1664982448,1664982510.635,0.8,0.1471,0.76,0.1633
model-1664982448,1664982510.702,0.76,0.1564,0.79,0.154
model-1664982448,1664982510.748,0.84,0.1228,0.79,0.1598
model-1664982448,1664982510.811,0.77,0.1647,0.82,0.1371
model-1664982448,1664982510.863,0.81,0.1294,0.79,0.1444
model-1664982448,1664982510.905,0.8,0.1311,0.82,0.1344
model-1664982448,1664982510.952,0.82,0.12,0.74,0.1761
model-1664982448,1664982511.013,0.76,0.1395,0.8,0.1439
model-1664982448,1664982511.064,0.82,0.1353,0.78,0.1577
model-1664982448,1664982511.116,0.8,0.1454,0.76,0.1689
model-1664982448,1664982511.167,0.78,0.1436,0.8,0.1487
model-1664982448,1664982511.223,0.82,0.1144,0.75,0.173
model-1664982448,1664982511.265,0.74,0.1781,0.78,0.1369
model-1664982448,1664982511.325,0.83,0.1272,0.73,0.1702
model-1664982448,1664982511.377,0.81,0.1289,0.87,0.1057
model-1664982448,1664982511.423,0.86,0.109,0.7,0.1916
model-1664982448,1664982511.469,0.85,0.118,0.81,0.1509
model-1664982448,1664982511.526,0.83,0.1362,0.83,0.1327
model-1664982448,1664982511.565,0.81,0.1266,0.76,0.1647
model-1664982448,1664982511.622,0.77,0.1456,0.86,0.1189
model-1664982448,1664982511.677,0.81,0.1175,0.79,0.1525
model-1664982448,1664982511.723,0.87,0.1167,0.73,0.1644
model-1664982448,1664982511.779,0.79,0.1218,0.77,0.1574
model-1664982448,1664982511.818,0.73,0.1457,0.78,0.1576
model-1664982448,1664982511.865,0.82,0.1193,0.83,0.1306
model-1664982448,1664982511.927,0.83,0.1242,0.74,0.1722
model-1664982448,1664982511.965,0.77,0.1509,0.73,0.1749
model-1664982448,1664982512.023,0.79,0.1438,0.8,0.1426
model-1664982448,1664982512.085,0.82,0.1235,0.8,0.1599
model-1664982448,1664982512.138,0.83,0.116,0.8,0.1402
model-1664982448,1664982512.194,0.89,0.0912,0.79,0.1477
model-1664982448,1664982512.238,0.72,0.1779,0.73,0.1793
model-1664982448,1664982512.295,0.92,0.0864,0.72,0.193
model-1664982448,1664982512.348,0.85,0.1178,0.72,0.1805
model-1664982448,1664982512.4,0.8,0.1293,0.79,0.145
model-1664982448,1664982512.452,0.86,0.115,0.73,0.1636
model-1664982448,1664982512.499,0.79,0.1413,0.77,0.1541
model-1664982448,1664982512.539,0.86,0.1266,0.78,0.1599
model-1664982448,1664982512.602,0.85,0.1089,0.77,0.1496
model-1664982448,1664982512.648,0.88,0.0878,0.79,0.1606
model-1664982448,1664982512.702,0.77,0.1534,0.75,0.1762
model-1664982448,1664982512.748,0.81,0.121,0.72,0.1804
model-1664982448,1664982512.801,0.84,0.1159,0.77,0.1531
model-1664982448,1664982512.853,0.91,0.0771,0.74,0.1619
model-1664982448,1664982512.9,0.81,0.1347,0.75,0.1677
model-1664982448,1664982512.94,0.83,0.1212,0.75,0.16
model-1664982448,1664982513.001,0.81,0.1413,0.82,0.1111
model-1664982448,1664982513.048,0.82,0.1356,0.7,0.2015
model-1664982448,1664982513.095,0.81,0.1381,0.78,0.1394
model-1664982448,1664982513.152,0.86,0.1157,0.79,0.1545
model-1664982448,1664982513.198,0.83,0.1156,0.83,0.1285
model-1664982448,1664982513.254,0.84,0.1252,0.75,0.1576
model-1664982448,1664982513.304,0.87,0.1002,0.73,0.1856
model-1664982448,1664982513.359,0.83,0.1179,0.78,0.1571
model-1664982448,1664982513.398,0.8,0.1269,0.76,0.1608
model-1664982448,1664982513.442,0.85,0.1304,0.77,0.1529
model-1664982448,1664982513.507,0.83,0.1162,0.79,0.1333
model-1664982448,1664982513.549,0.9,0.0859,0.76,0.1436
model-1664982448,1664982513.596,0.81,0.1217,0.84,0.1346
model-1664982448,1664982513.656,0.9,0.0816,0.83,0.1404
model-1664982448,1664982513.699,0.87,0.0978,0.72,0.1845
model-1664982448,1664982513.756,0.85,0.123,0.77,0.1573
model-1664982448,1664982513.806,0.85,0.1112,0.75,0.1766
model-1664982448,1664982513.858,0.85,0.1242,0.7,0.1903
model-1664982448,1664982513.898,0.84,0.1229,0.82,0.1341
model-1664982448,1664982513.943,0.8,0.1295,0.72,0.1772
model-1664982448,1664982514.008,0.8,0.1319,0.76,0.1919
model-1664982448,1664982514.057,0.9,0.0751,0.77,0.1789
model-1664982448,1664982514.099,0.79,0.1381,0.73,0.1885
model-1664982448,1664982514.159,0.89,0.0849,0.79,0.1476
model-1664982448,1664982514.198,0.9,0.0799,0.71,0.2005
model-1664982448,1664982514.244,0.87,0.1098,0.71,0.1805
model-1664982448,1664982514.309,0.85,0.1116,0.72,0.1688
model-1664982448,1664982514.348,0.91,0.0897,0.77,0.1535
model-1664982448,1664982514.395,0.84,0.1274,0.77,0.1697
model-1664982448,1664982514.461,0.81,0.1505,0.75,0.1693
model-1664982448,1664982514.498,0.86,0.1064,0.68,0.2127
model-1664982448,1664982514.545,0.91,0.0875,0.76,0.1753
model-1664982448,1664982514.613,0.88,0.106,0.73,0.1899
model-1664982448,1664982514.65,0.75,0.1722,0.75,0.172
model-1664982448,1664982514.697,0.87,0.0973,0.66,0.2356
model-1664982448,1664982514.76,0.87,0.1047,0.75,0.1767
model-1664982448,1664982514.811,0.83,0.1629,0.79,0.148
model-1664982448,1664982514.86,0.87,0.1118,0.76,0.1544
model-1664982448,1664982514.9,0.79,0.1472,0.73,0.1874
model-1664982448,1664982514.945,0.82,0.1301,0.76,0.1702
model-1664982448,1664982515.009,0.86,0.1274,0.79,0.1547
model-1664982448,1664982515.053,0.85,0.1068,0.78,0.153
model-1664982448,1664982515.1,0.79,0.1292,0.75,0.1637
model-1664982448,1664982515.161,0.8,0.158,0.71,0.1956
model-1664982448,1664982515.2,0.71,0.1905,0.74,0.1832
model-1664982448,1664982515.246,0.84,0.1182,0.8,0.1449
model-1664982448,1664982515.311,0.79,0.1391,0.72,0.1927
model-1664982448,1664982515.349,0.82,0.113,0.71,0.188
model-1664982448,1664982515.395,0.84,0.1207,0.73,0.2034
model-1664982448,1664982515.46,0.76,0.1708,0.74,0.1863
model-1664982448,1664982515.499,0.83,0.1254,0.75,0.163
model-1664982448,1664982515.547,0.79,0.1539,0.77,0.1685
model-1664982448,1664982515.609,0.79,0.1427,0.73,0.166
model-1664982448,1664982515.651,0.82,0.1148,0.75,0.1712
model-1664982448,1664982515.698,0.83,0.1309,0.73,0.1745
model-1664982448,1664982515.758,0.89,0.103,0.68,0.2029
model-1664982448,1664982515.809,0.76,0.1564,0.72,0.2009
model-1664982448,1664982515.86,0.67,0.1952,0.82,0.1357
model-1664982448,1664982515.9,0.8,0.1321,0.76,0.1585
model-1664982448,1664982515.948,0.9,0.0832,0.72,0.1613
model-1664982448,1664982516.01,0.87,0.1146,0.78,0.1464
model-1664982448,1664982516.049,0.82,0.124,0.73,0.1972
model-1664982448,1664982516.095,0.8,0.1376,0.76,0.1783
model-1664982448,1664982516.159,0.79,0.1226,0.73,0.1925
model-1664982448,1664982516.199,0.82,0.1181,0.71,0.186
model-1664982448,1664982516.249,0.88,0.1022,0.79,0.1507
model-1664982448,1664982516.309,0.86,0.1152,0.73,0.1933
model-1664982448,1664982516.349,0.83,0.1223,0.76,0.1443
model-1664982448,1664982516.395,0.73,0.1666,0.79,0.1453
model-1664982448,1664982516.457,0.81,0.1334,0.8,0.1336
model-1664982448,1664982516.499,0.81,0.1159,0.8,0.1494
model-1664982448,1664982516.549,0.83,0.121,0.8,0.1331
model-1664982448,1664982516.606,0.77,0.1496,0.77,0.171
model-1664982448,1664982516.649,0.84,0.1175,0.72,0.1789
model-1664982448,1664982516.709,0.77,0.1499,0.71,0.1896
model-1664982448,1664982516.75,0.82,0.1277,0.79,0.153
model-1664982448,1664982516.811,0.83,0.1317,0.73,0.1712
model-1664982448,1664982516.851,0.84,0.1297,0.72,0.1912
model-1664982448,1664982516.91,0.76,0.17,0.74,0.184
model-1664982448,1664982516.95,0.74,0.1753,0.78,0.1588
model-1664982448,1664982516.997,0.81,0.1545,0.76,0.1595
model-1664982448,1664982517.058,0.79,0.1284,0.82,0.1285
model-1664982448,1664982517.099,0.86,0.1113,0.76,0.169
model-1664982448,1664982517.151,0.81,0.1483,0.74,0.1666
model-1664982448,1664982517.211,0.86,0.108,0.74,0.171
model-1664982448,1664982517.251,0.85,0.1238,0.66,0.215
model-1664982448,1664982517.318,0.86,0.1184,0.76,0.1709
model-1664982448,1664982517.365,0.83,0.1187,0.69,0.2001
model-1664982448,1664982517.426,0.8,0.1614,0.73,0.1762
model-1664982448,1664982517.465,0.84,0.1197,0.73,0.1718
model-1664982448,1664982517.527,0.82,0.1276,0.81,0.1324
model-1664982448,1664982517.565,0.78,0.1481,0.78,0.1595
model-1664982448,1664982517.634,0.76,0.1364,0.79,0.1643
model-1664982448,1664982517.683,0.82,0.1409,0.7,0.2023
model-1664982448,1664982517.735,0.82,0.1373,0.79,0.1453
model-1664982448,1664982517.785,0.88,0.1019,0.79,0.1432
model-1664982448,1664982517.839,0.81,0.1296,0.83,0.1215
model-1664982448,1664982517.882,0.89,0.0912,0.7,0.2026
model-1664982448,1664982517.921,0.81,0.1318,0.77,0.1666
model-1664982448,1664982517.987,0.84,0.1162,0.72,0.1783
model-1664982448,1664982518.037,0.81,0.126,0.82,0.1359
model-1664982448,1664982518.083,0.82,0.1379,0.69,0.2142
model-1664982448,1664982518.138,0.86,0.1016,0.72,0.1918
model-1664982448,1664982518.182,0.83,0.1146,0.66,0.2279
model-1664982448,1664982518.236,0.85,0.1198,0.79,0.1581
model-1664982448,1664982518.289,0.85,0.1163,0.81,0.1579
model-1664982448,1664982518.337,0.78,0.1308,0.73,0.1763
model-1664982448,1664982518.391,0.82,0.1148,0.77,0.1714
model-1664982448,1664982518.437,0.88,0.0874,0.77,0.1661
model-1664982448,1664982518.492,0.8,0.1373,0.71,0.2004
model-1664982448,1664982518.537,0.81,0.1316,0.82,0.1345
model-1664982448,1664982518.593,0.74,0.1514,0.79,0.173
model-1664982448,1664982518.637,0.84,0.1295,0.75,0.1834
model-1664982448,1664982518.694,0.82,0.1423,0.82,0.1349
model-1664982448,1664982518.737,0.87,0.0932,0.78,0.1425
model-1664982448,1664982518.793,0.76,0.1509,0.74,0.1673
model-1664982448,1664982518.837,0.76,0.1702,0.8,0.1246
model-1664982448,1664982518.893,0.87,0.0896,0.76,0.1797
model-1664982448,1664982518.938,0.78,0.1665,0.73,0.1864
model-1664982448,1664982518.984,0.89,0.1009,0.84,0.1221
model-1664982448,1664982519.038,0.83,0.1321,0.86,0.1175
model-1664982448,1664982519.094,0.81,0.1341,0.83,0.1302
model-1664982448,1664982519.138,0.8,0.1313,0.81,0.1363
model-1664982448,1664982519.185,0.84,0.1031,0.71,0.1841
model-1664982448,1664982519.238,0.85,0.1082,0.83,0.1169
model-1664982448,1664982519.287,0.84,0.1163,0.75,0.1699
model-1664982448,1664982519.323,0.91,0.0882,0.83,0.1372
model-1664982448,1664982519.391,0.88,0.109,0.78,0.1587
model-1664982448,1664982519.438,0.83,0.1256,0.74,0.175
model-1664982448,1664982519.485,0.77,0.1572,0.81,0.1276
model-1664982448,1664982519.545,0.85,0.1154,0.83,0.1304
model-1664982448,1664982519.582,0.78,0.1408,0.83,0.1451
model-1664982448,1664982519.639,0.84,0.1288,0.79,0.1519
model-1664982448,1664982519.704,0.83,0.1254,0.81,0.1366
model-1664982448,1664982519.755,0.78,0.1243,0.76,0.1547
model-1664982448,1664982519.813,0.75,0.1623,0.72,0.1664
model-1664982448,1664982519.866,0.79,0.1539,0.78,0.1537
model-1664982448,1664982519.923,0.83,0.1321,0.82,0.1351
model-1664982448,1664982519.981,0.84,0.1126,0.85,0.1384
model-1664982448,1664982520.028,0.79,0.161,0.78,0.152
model-1664982448,1664982520.098,0.83,0.1264,0.78,0.1458
model-1664982448,1664982520.15,0.79,0.1414,0.77,0.1615
model-1664982448,1664982520.216,0.79,0.1465,0.79,0.1483
model-1664982448,1664982520.273,0.81,0.1393,0.85,0.1365
model-1664982448,1664982520.334,0.81,0.1159,0.8,0.1355
model-1664982448,1664982520.382,0.84,0.1416,0.78,0.1665
model-1664982448,1664982520.453,0.78,0.1502,0.79,0.1508
model-1664982448,1664982520.499,0.88,0.1136,0.69,0.2131
model-1664982448,1664982520.567,0.86,0.0973,0.72,0.1811
model-1664982448,1664982520.625,0.79,0.1499,0.76,0.1599
model-1664982448,1664982520.683,0.85,0.1164,0.81,0.1374
model-1664982448,1664982520.726,0.82,0.1215,0.78,0.1621
model-1664982448,1664982520.798,0.79,0.1397,0.74,0.1725
model-1664982448,1664982520.841,0.87,0.1,0.81,0.1298
model-1664982448,1664982520.913,0.85,0.1278,0.74,0.1662
model-1664982448,1664982520.967,0.86,0.1109,0.81,0.1345
model-1664982448,1664982521.031,0.81,0.1193,0.74,0.1795
model-1664982448,1664982521.081,0.89,0.1002,0.83,0.1279
model-1664982448,1664982521.147,0.86,0.1285,0.82,0.1488
model-1664982448,1664982521.198,0.84,0.1287,0.75,0.1613
model-1664982448,1664982521.262,0.79,0.143,0.84,0.126
model-1664982448,1664982521.319,0.85,0.1077,0.76,0.146
model-1664982448,1664982521.38,0.9,0.0913,0.76,0.1605
model-1664982448,1664982521.426,0.85,0.1096,0.77,0.1631
model-1664982448,1664982521.494,0.81,0.1367,0.79,0.1519
model-1664982448,1664982521.542,0.78,0.149,0.79,0.1373
model-1664982448,1664982521.607,0.87,0.1077,0.76,0.1655
model-1664982448,1664982521.658,0.84,0.1311,0.74,0.1682
model-1664982448,1664982521.72,0.78,0.1338,0.78,0.1749
model-1664982448,1664982521.776,0.8,0.1392,0.79,0.1504
model-1664982448,1664982521.834,0.76,0.1294,0.72,0.1674
model-1664982448,1664982521.883,0.86,0.0907,0.8,0.1134
model-1664982448,1664982521.946,0.8,0.1263,0.72,0.2097
model-1664982448,1664982522.001,0.74,0.1758,0.7,0.1952
model-1664982448,1664982522.059,0.85,0.1117,0.69,0.2122
model-1664982448,1664982522.1,0.76,0.1601,0.74,0.1797
model-1664982448,1664982522.16,0.74,0.1934,0.78,0.1489
model-1664982448,1664982522.226,0.87,0.1039,0.73,0.1794
model-1664982448,1664982522.281,0.84,0.1275,0.77,0.1734
model-1664982448,1664982522.337,0.81,0.1362,0.74,0.1808
model-1664982448,1664982522.383,0.78,0.1434,0.76,0.1565
model-1664982448,1664982522.447,0.81,0.114,0.75,0.1782
model-1664982448,1664982522.498,0.74,0.1616,0.78,0.1472
model-1664982448,1664982522.556,0.82,0.1197,0.83,0.1279
model-1664982448,1664982522.599,0.82,0.1132,0.8,0.1642
model-1664982448,1664982522.666,0.84,0.1067,0.79,0.1386
model-1664982448,1664982522.715,0.83,0.1263,0.8,0.1348
model-1664982448,1664982522.778,0.83,0.1283,0.79,0.1404
model-1664982448,1664982522.831,0.86,0.1056,0.75,0.1675
model-1664982448,1664982522.89,0.91,0.1054,0.82,0.1324
model-1664982448,1664982522.931,0.85,0.1014,0.8,0.1766
model-1664982448,1664982523.001,0.73,0.1724,0.76,0.1608
model-1664982448,1664982523.054,0.84,0.1088,0.72,0.1738
model-1664982448,1664982523.11,0.84,0.1178,0.81,0.1433
model-1664982448,1664982523.163,0.82,0.1133,0.81,0.1583
model-1664982448,1664982523.216,0.85,0.1147,0.74,0.1639
model-1664982448,1664982523.268,0.85,0.1187,0.74,0.2004
model-1664982448,1664982523.326,0.85,0.0926,0.67,0.2119
model-1664982448,1664982523.368,0.78,0.149,0.68,0.2094
model-1664982448,1664982523.432,0.82,0.0986,0.76,0.163
model-1664982448,1664982523.483,0.86,0.1074,0.74,0.1766
model-1664982448,1664982523.54,0.83,0.0962,0.76,0.1694
model-1664982448,1664982523.593,0.83,0.1041,0.78,0.1586
model-1664982448,1664982523.634,0.78,0.1414,0.79,0.1498
model-1664982448,1664982523.697,0.84,0.1206,0.8,0.1509
model-1664982448,1664982523.755,0.8,0.1394,0.79,0.1454
model-1664982448,1664982523.808,0.81,0.1213,0.74,0.1717
model-1664982448,1664982523.863,0.88,0.1003,0.72,0.173
model-1664982448,1664982523.915,0.87,0.1022,0.75,0.1912
model-1664982448,1664982523.971,0.87,0.0852,0.8,0.1282
model-1664982448,1664982524.016,0.77,0.1698,0.82,0.1426
model-1664982448,1664982524.079,0.9,0.0781,0.77,0.1588
model-1664982448,1664982524.131,0.85,0.1074,0.72,0.199
model-1664982448,1664982524.185,0.82,0.1181,0.74,0.2
model-1664982448,1664982524.235,0.87,0.1079,0.75,0.1594
model-1664982448,1664982524.293,0.8,0.1394,0.84,0.1152
model-1664982448,1664982524.335,0.86,0.1108,0.8,0.1542
model-1664982448,1664982524.401,0.87,0.0902,0.75,0.1774
model-1664982448,1664982524.451,0.93,0.0654,0.76,0.1802
model-1664982448,1664982524.513,0.79,0.1404,0.79,0.1513
model-1664982448,1664982524.551,0.83,0.1102,0.81,0.145
model-1664982448,1664982524.619,0.87,0.0995,0.78,0.1591
model-1664982448,1664982524.668,0.94,0.0642,0.74,0.1685
model-1664982448,1664982524.731,0.82,0.1204,0.84,0.1088
model-1664982448,1664982524.786,0.89,0.1003,0.78,0.1799
model-1664982448,1664982524.843,0.84,0.1245,0.73,0.2023
model-1664982448,1664982524.898,0.82,0.1348,0.7,0.1683
model-1664982448,1664982524.955,0.88,0.1091,0.77,0.1557
model-1664982448,1664982525.009,0.85,0.104,0.82,0.145
model-1664982448,1664982525.072,0.88,0.0982,0.84,0.1225
model-1664982448,1664982525.131,0.89,0.0857,0.8,0.1555
model-1664982448,1664982525.197,0.87,0.0983,0.79,0.1701
model-1664982448,1664982525.261,0.85,0.0987,0.65,0.2228
model-1664982448,1664982525.328,0.84,0.112,0.78,0.1702
model-1664982448,1664982525.384,0.87,0.1177,0.81,0.1257
model-1664982448,1664982525.449,0.84,0.1193,0.78,0.1479
model-1664982448,1664982525.511,0.88,0.0956,0.8,0.141
model-1664982448,1664982525.572,0.82,0.1302,0.75,0.1641
model-1664982448,1664982525.631,0.9,0.0795,0.78,0.1396
model-1664982448,1664982525.693,0.88,0.0906,0.71,0.1682
model-1664982448,1664982525.756,0.85,0.1186,0.78,0.1578
model-1664982448,1664982525.814,0.86,0.095,0.75,0.1649
model-1664982448,1664982525.87,0.82,0.1241,0.77,0.1497
model-1664982448,1664982525.928,0.87,0.118,0.79,0.1606
model-1664982448,1664982525.988,0.81,0.123,0.78,0.146
model-1664982448,1664982526.045,0.81,0.1235,0.71,0.2
model-1664982448,1664982526.109,0.89,0.0873,0.69,0.193
model-1664982448,1664982526.17,0.82,0.1258,0.84,0.1283
model-1664982448,1664982526.217,0.93,0.0701,0.71,0.2076
model-1664982448,1664982526.282,0.93,0.0659,0.76,0.1674
model-1664982448,1664982526.331,0.85,0.0954,0.8,0.1426
model-1664982448,1664982526.39,0.87,0.1064,0.76,0.1675
model-1664982448,1664982526.443,0.87,0.0974,0.67,0.2005
model-1664982448,1664982526.498,0.84,0.1226,0.79,0.1535
model-1664982448,1664982526.553,0.79,0.14,0.81,0.1479
model-1664982448,1664982526.61,0.87,0.0945,0.74,0.1853
model-1664982448,1664982526.668,0.92,0.0732,0.76,0.1769
model-1664982448,1664982526.725,0.86,0.1113,0.74,0.1745
model-1664982448,1664982526.777,0.79,0.158,0.78,0.1527
model-1664982448,1664982526.836,0.9,0.0796,0.73,0.199
model-1664982448,1664982526.893,0.9,0.0947,0.74,0.1822
model-1664982448,1664982526.957,0.82,0.1532,0.71,0.1974
model-1664982448,1664982527.015,0.84,0.1027,0.8,0.1447
model-1664982448,1664982527.078,0.75,0.19,0.82,0.1417
model-1664982448,1664982527.138,0.87,0.0911,0.76,0.1626
model-1664982448,1664982527.193,0.89,0.1084,0.78,0.1624
model-1664982448,1664982527.24,0.87,0.1035,0.81,0.145
model-1664982448,1664982527.3,0.76,0.1393,0.7,0.179
model-1664982448,1664982527.34,0.73,0.1738,0.79,0.1445
model-1664982448,1664982527.404,0.83,0.1211,0.78,0.16
model-1664982448,1664982527.459,0.92,0.0711,0.8,0.1514
model-1664982448,1664982527.5,0.85,0.1037,0.77,0.1735
model-1664982448,1664982527.555,0.82,0.1277,0.83,0.1349
model-1664982448,1664982527.612,0.86,0.0985,0.81,0.1334
model-1664982448,1664982527.655,0.78,0.147,0.7,0.2035
model-1664982448,1664982527.702,0.85,0.1021,0.73,0.1734
model-1664982448,1664982527.764,0.83,0.132,0.77,0.182
model-1664982448,1664982527.801,0.8,0.1263,0.77,0.1566
model-1664982448,1664982527.855,0.79,0.1282,0.83,0.1325
model-1664982448,1664982527.919,0.84,0.1028,0.77,0.1756
model-1664982448,1664982527.968,0.89,0.0934,0.77,0.1621
model-1664982448,1664982528.028,0.86,0.0954,0.77,0.1731
model-1664982448,1664982528.068,0.79,0.1547,0.73,0.1781
model-1664982448,1664982528.114,0.84,0.1227,0.83,0.1442
model-1664982448,1664982528.177,0.9,0.0878,0.73,0.1917
model-1664982448,1664982528.216,0.85,0.115,0.81,0.1671
model-1664982448,1664982528.284,0.9,0.1018,0.82,0.1143
model-1664982448,1664982528.334,0.83,0.1291,0.71,0.1795
model-1664982448,1664982528.387,0.82,0.1145,0.67,0.2078
model-1664982448,1664982528.433,0.84,0.1274,0.81,0.1211
model-1664982448,1664982528.486,0.89,0.0811,0.8,0.1464
model-1664982448,1664982528.538,0.85,0.1275,0.72,0.1861
model-1664982448,1664982528.584,0.87,0.0974,0.79,0.1349
model-1664982448,1664982528.631,0.84,0.1202,0.75,0.1811
model-1664982448,1664982528.691,0.82,0.1361,0.76,0.1757
model-1664982448,1664982528.733,0.82,0.1177,0.82,0.1331
model-1664982448,1664982528.793,0.77,0.1435,0.78,0.142
model-1664982448,1664982528.843,0.8,0.1291,0.83,0.1425
model-1664982448,1664982528.894,0.91,0.0699,0.75,0.1622
model-1664982448,1664982528.943,0.82,0.138,0.71,0.1929
model-1664982448,1664982528.993,0.79,0.1422,0.73,0.1787
model-1664982448,1664982529.043,0.8,0.1548,0.71,0.1868
model-1664982448,1664982529.094,0.82,0.135,0.8,0.1651
model-1664982448,1664982529.143,0.79,0.1332,0.76,0.162
model-1664982448,1664982529.194,0.78,0.1426,0.76,0.1575
model-1664982448,1664982529.243,0.85,0.1113,0.78,0.1342
model-1664982448,1664982529.291,0.85,0.1073,0.77,0.1729
model-1664982448,1664982529.344,0.87,0.1001,0.76,0.1428
model-1664982448,1664982529.383,0.81,0.1471,0.84,0.1364
model-1664982448,1664982529.429,0.87,0.0967,0.78,0.1669
model-1664982448,1664982529.492,0.86,0.1103,0.75,0.159
model-1664982448,1664982529.542,0.86,0.1044,0.83,0.1352
model-1664982448,1664982529.584,0.86,0.1097,0.67,0.2039
model-1664982448,1664982529.641,0.85,0.1226,0.76,0.1663
model-1664982448,1664982529.683,0.87,0.1056,0.73,0.1955
model-1664982448,1664982529.741,0.86,0.1059,0.79,0.1602
model-1664982448,1664982529.795,0.78,0.1395,0.8,0.1495
model-1664982448,1664982529.843,0.82,0.1191,0.72,0.1894
model-1664982448,1664982529.894,0.84,0.1141,0.78,0.146
model-1664982448,1664982529.933,0.86,0.101,0.73,0.1983
model-1664982448,1664982529.991,0.92,0.0831,0.8,0.1636
model-1664982448,1664982530.043,0.87,0.0989,0.73,0.1814
model-1664982448,1664982530.084,0.92,0.0777,0.79,0.1554
model-1664982448,1664982530.131,0.84,0.1144,0.81,0.1452
model-1664982448,1664982530.193,0.87,0.0955,0.69,0.2027
model-1664982448,1664982530.244,0.91,0.1002,0.77,0.1845
model-1664982448,1664982530.283,0.83,0.1135,0.73,0.1876
model-1664982448,1664982530.346,0.89,0.0963,0.71,0.1849
model-1664982448,1664982530.384,0.83,0.1148,0.7,0.1953
model-1664982448,1664982530.444,0.9,0.0834,0.78,0.1538
model-1664982448,1664982530.495,0.86,0.0997,0.73,0.1555
model-1664982448,1664982530.548,0.87,0.0982,0.79,0.1603
model-1664982448,1664982530.598,0.87,0.0996,0.76,0.1663
model-1664982448,1664982530.644,0.9,0.0809,0.85,0.1096
model-1664982448,1664982530.691,0.79,0.1508,0.73,0.1725
model-1664982448,1664982530.747,0.85,0.1113,0.81,0.1438
model-1664982448,1664982530.783,0.78,0.1365,0.73,0.193
model-1664982448,1664982530.844,0.84,0.1167,0.79,0.145
model-1664982448,1664982530.894,0.87,0.1248,0.73,0.1948
model-1664982448,1664982530.944,0.89,0.0864,0.71,0.1816
model-1664982448,1664982530.994,0.83,0.1232,0.64,0.241
model-1664982448,1664982531.044,0.76,0.1679,0.7,0.2011
model-1664982448,1664982531.084,0.91,0.0722,0.75,0.18
model-1664982448,1664982531.144,0.81,0.1476,0.69,0.1879
model-1664982448,1664982531.183,0.86,0.0927,0.7,0.2092
model-1664982448,1664982531.247,0.86,0.1118,0.78,0.1794
model-1664982448,1664982531.297,0.84,0.1129,0.76,0.1639
model-1664982448,1664982531.344,0.88,0.1015,0.77,0.1888
model-1664982448,1664982531.395,0.86,0.0974,0.82,0.1271
model-1664982448,1664982531.446,0.89,0.0815,0.82,0.1306
model-1664982448,1664982531.484,0.86,0.0991,0.77,0.1794
model-1664982448,1664982531.544,0.9,0.0894,0.74,0.1893
model-1664982448,1664982531.594,0.83,0.1149,0.84,0.137
model-1664982448,1664982531.644,0.84,0.1055,0.79,0.1594
model-1664982448,1664982531.697,0.73,0.1578,0.81,0.1416
model-1664982448,1664982531.749,0.88,0.0966,0.8,0.1375
model-1664982448,1664982531.784,0.85,0.1056,0.78,0.1567
model-1664982448,1664982531.846,0.87,0.108,0.84,0.1454
model-1664982448,1664982531.897,0.87,0.1182,0.8,0.173
model-1664982448,1664982531.945,0.84,0.1094,0.75,0.1922
model-1664982448,1664982531.992,0.85,0.1208,0.79,0.1533
model-1664982448,1664982532.046,0.78,0.1611,0.75,0.1835
model-1664982448,1664982532.086,0.84,0.1199,0.82,0.1149
model-1664982448,1664982532.143,0.87,0.1009,0.83,0.1389
model-1664982448,1664982532.18,0.83,0.1311,0.82,0.1598
model-1664982448,1664982532.235,0.79,0.1258,0.79,0.155
model-1664982448,1664982532.285,0.83,0.1286,0.83,0.1237
model-1664982448,1664982532.337,0.78,0.1484,0.77,0.1564
model-1664982448,1664982532.387,0.82,0.1175,0.79,0.1418
model-1664982448,1664982532.441,0.85,0.1146,0.79,0.1538
model-1664982448,1664982532.484,0.84,0.1258,0.83,0.1291
model-1664982448,1664982532.546,0.77,0.144,0.79,0.1479
model-1664982448,1664982532.606,0.87,0.0952,0.77,0.1623
model-1664982448,1664982532.646,0.89,0.0947,0.81,0.1366
model-1664982448,1664982532.707,0.82,0.1347,0.74,0.1841
model-1664982448,1664982532.763,0.85,0.1212,0.83,0.112
model-1664982448,1664982532.82,0.77,0.1344,0.73,0.1837
model-1664982448,1664982532.91,0.81,0.1384,0.78,0.1634
model-1664982448,1664982532.973,0.9,0.0828,0.81,0.13
model-1664982448,1664982533.018,0.85,0.1107,0.8,0.1409
model-1664982448,1664982533.109,0.88,0.0939,0.81,0.1612
model-1664982448,1664982533.16,0.83,0.1137,0.82,0.1332
model-1664982448,1664982533.234,0.88,0.0897,0.78,0.1491
model-1664982448,1664982533.279,0.83,0.1257,0.85,0.1264
model-1664982448,1664982533.35,0.86,0.1168,0.74,0.1748
model-1664982448,1664982533.414,0.83,0.1351,0.77,0.1674
model-1664982448,1664982533.481,0.85,0.0979,0.76,0.1681
model-1664982448,1664982533.533,0.92,0.0764,0.71,0.1974
model-1664982448,1664982533.599,0.88,0.093,0.75,0.1794
model-1664982448,1664982533.648,0.85,0.1228,0.79,0.1341
model-1664982448,1664982533.702,0.81,0.1295,0.77,0.1719
model-1664982448,1664982533.764,0.87,0.1027,0.73,0.1559
model-1664982448,1664982533.825,0.82,0.134,0.69,0.2125
model-1664982448,1664982533.879,0.84,0.1113,0.73,0.1887
model-1664982448,1664982533.943,0.84,0.1164,0.78,0.136
model-1664982448,1664982534.0,0.82,0.1183,0.75,0.1966
model-1664982448,1664982534.074,0.89,0.0849,0.8,0.1457
model-1664982448,1664982534.136,0.83,0.1168,0.77,0.1796
model-1664982448,1664982534.232,0.79,0.155,0.73,0.1832
model-1664982448,1664982534.311,0.88,0.093,0.73,0.167
model-1664982448,1664982534.397,0.8,0.1272,0.76,0.1617
model-1664982448,1664982534.472,0.78,0.1766,0.79,0.1548
model-1664982448,1664982534.542,0.88,0.0913,0.73,0.1754
model-1664982448,1664982534.606,0.88,0.1085,0.79,0.1645
model-1664982448,1664982534.684,0.86,0.1149,0.76,0.1711
model-1664982448,1664982534.735,0.78,0.1392,0.76,0.157
model-1664982448,1664982534.817,0.88,0.0812,0.8,0.1611
model-1664982448,1664982534.882,0.77,0.1511,0.77,0.1629
model-1664982448,1664982534.959,0.83,0.1233,0.71,0.1893
model-1664982448,1664982535.018,0.89,0.1029,0.76,0.1464
model-1664982448,1664982535.09,0.9,0.0813,0.83,0.1466
model-1664982448,1664982535.15,0.83,0.1244,0.74,0.1812
model-1664982448,1664982535.22,0.84,0.1241,0.78,0.155
model-1664982448,1664982535.282,0.86,0.1094,0.76,0.1657
model-1664982448,1664982535.363,0.87,0.1142,0.75,0.1645
model-1664982448,1664982535.431,0.93,0.0822,0.67,0.2103
model-1664982448,1664982535.505,0.81,0.138,0.73,0.2
model-1664982448,1664982535.561,0.83,0.0902,0.8,0.1452
model-1664982448,1664982535.619,0.91,0.0937,0.86,0.1144
model-1664982448,1664982535.698,0.87,0.1051,0.76,0.1767
model-1664982448,1664982535.773,0.89,0.1144,0.75,0.1629
model-1664982448,1664982535.818,0.83,0.1217,0.78,0.1617
model-1664982448,1664982535.903,0.89,0.0676,0.81,0.1369
model-1664982448,1664982535.977,0.84,0.1317,0.77,0.1557
model-1664982448,1664982536.051,0.87,0.0854,0.79,0.1532
model-1664982448,1664982536.143,0.89,0.087,0.75,0.1706
model-1664982448,1664982536.204,0.84,0.0997,0.79,0.1623
model-1664982448,1664982536.268,0.84,0.095,0.77,0.173
model-1664982448,1664982536.35,0.81,0.1225,0.72,0.1981
model-1664982448,1664982536.401,0.82,0.1187,0.76,0.1727
model-1664982448,1664982536.453,0.8,0.1491,0.74,0.1724
model-1664982448,1664982536.518,0.85,0.1202,0.88,0.0933
model-1664982448,1664982536.583,0.87,0.1029,0.81,0.146
model-1664982448,1664982536.635,0.86,0.099,0.81,0.1536
model-1664982448,1664982536.699,0.88,0.076,0.78,0.1773
model-1664982448,1664982536.749,0.74,0.1733,0.77,0.1478
model-1664982448,1664982536.802,0.89,0.09,0.74,0.1688
model-1664982448,1664982536.851,0.84,0.1203,0.71,0.1923
model-1664982448,1664982536.905,0.86,0.1057,0.76,0.1584
model-1664982448,1664982536.954,0.83,0.123,0.79,0.1646
model-1664982448,1664982537.008,0.79,0.1473,0.78,0.1653
model-1664982448,1664982537.054,0.81,0.1241,0.78,0.177
model-1664982448,1664982537.112,0.9,0.0849,0.79,0.1688
model-1664982448,1664982537.16,0.88,0.083,0.79,0.1609
model-1664982448,1664982537.212,0.81,0.1313,0.81,0.146
model-1664982448,1664982537.255,0.87,0.1045,0.81,0.1503
model-1664982448,1664982537.302,0.86,0.1079,0.82,0.151
model-1664982448,1664982537.361,0.88,0.0963,0.74,0.1675
model-1664982448,1664982537.401,0.82,0.1173,0.74,0.1956
model-1664982448,1664982537.456,0.9,0.0916,0.69,0.1898
model-1664982448,1664982537.505,0.85,0.1234,0.66,0.2133
model-1664982448,1664982537.556,0.77,0.1335,0.78,0.1573
model-1664982448,1664982537.602,0.85,0.1138,0.73,0.1749
model-1664982448,1664982537.66,0.89,0.0885,0.77,0.1638
model-1664982448,1664982537.711,0.86,0.0961,0.73,0.1771
model-1664982448,1664982537.76,0.89,0.0829,0.77,0.1564
model-1664982448,1664982537.802,0.88,0.1041,0.79,0.1476
model-1664982448,1664982537.849,0.8,0.1244,0.74,0.1816
model-1664982448,1664982537.906,0.78,0.1345,0.81,0.1728
model-1664982448,1664982537.956,0.86,0.1103,0.79,0.1475
model-1664982448,1664982538.003,0.83,0.1137,0.75,0.1921
model-1664982448,1664982538.055,0.83,0.1202,0.78,0.1605
model-1664982448,1664982538.1,0.83,0.144,0.85,0.1233
model-1664982448,1664982538.157,0.83,0.1155,0.77,0.1542
model-1664982448,1664982538.212,0.86,0.1066,0.7,0.2191
model-1664982448,1664982538.257,0.87,0.0913,0.76,0.1675
model-1664982448,1664982538.314,0.82,0.12,0.79,0.1501
model-1664982448,1664982538.357,0.79,0.1438,0.79,0.159
model-1664982448,1664982538.404,0.84,0.1327,0.78,0.1756
model-1664982448,1664982538.462,0.84,0.1153,0.73,0.1803
model-1664982448,1664982538.5,0.86,0.1021,0.78,0.1512
model-1664982448,1664982538.557,0.93,0.068,0.82,0.1289
model-1664982448,1664982538.613,0.81,0.1235,0.77,0.1566
model-1664982448,1664982538.657,0.89,0.0813,0.74,0.1953
model-1664982448,1664982538.716,0.92,0.0817,0.76,0.1831
model-1664982448,1664982538.769,0.85,0.1113,0.77,0.1557
model-1664982448,1664982538.823,0.86,0.1039,0.76,0.1809
model-1664982448,1664982538.872,0.87,0.0972,0.72,0.2053
model-1664982448,1664982538.931,0.87,0.1005,0.74,0.1714
model-1664982448,1664982538.973,0.83,0.131,0.71,0.193
model-1664982448,1664982539.034,0.84,0.0904,0.85,0.1113
model-1664982448,1664982539.084,0.92,0.0599,0.8,0.1703
model-1664982448,1664982539.139,0.9,0.0876,0.75,0.1839
model-1664982448,1664982539.189,0.82,0.1432,0.78,0.142
model-1664982448,1664982539.242,0.84,0.1017,0.81,0.1483
model-1664982448,1664982539.296,0.87,0.0991,0.75,0.1569
model-1664982448,1664982539.347,0.83,0.1225,0.73,0.1931
model-1664982448,1664982539.386,0.84,0.1145,0.82,0.1379
model-1664982448,1664982539.448,0.8,0.1353,0.8,0.1423
model-1664982448,1664982539.505,0.86,0.0922,0.82,0.1378
model-1664982448,1664982539.55,0.84,0.1117,0.74,0.1829
model-1664982448,1664982539.608,0.89,0.068,0.72,0.209
model-1664982448,1664982539.65,0.85,0.104,0.84,0.1179
model-1664982448,1664982539.713,0.83,0.1405,0.82,0.1297
model-1664982448,1664982539.759,0.86,0.1212,0.8,0.1421
model-1664982448,1664982539.814,0.88,0.088,0.77,0.162
model-1664982448,1664982539.864,0.86,0.0894,0.81,0.1494
model-1664982448,1664982539.917,0.91,0.09,0.78,0.1598
model-1664982448,1664982539.97,0.89,0.0745,0.74,0.1771
model-1664982448,1664982540.023,0.83,0.1293,0.8,0.145
model-1664982448,1664982540.076,0.84,0.1064,0.76,0.1836
model-1664982448,1664982540.117,0.84,0.1213,0.84,0.1353
model-1664982448,1664982540.16,0.86,0.1012,0.76,0.1594
model-1664982448,1664982540.226,0.85,0.1128,0.8,0.1628
model-1664982448,1664982540.26,0.88,0.0886,0.79,0.1531
model-1664982448,1664982540.319,0.86,0.1057,0.7,0.2089
model-1664982448,1664982540.381,0.89,0.0808,0.81,0.1464
model-1664982448,1664982540.432,0.83,0.1172,0.78,0.1688
model-1664982448,1664982540.504,0.86,0.1032,0.73,0.185
model-1664982448,1664982540.565,0.9,0.081,0.83,0.1303
model-1664982448,1664982540.624,0.88,0.1042,0.84,0.1266
model-1664982448,1664982540.681,0.86,0.1048,0.8,0.1477
model-1664982448,1664982540.756,0.83,0.1291,0.82,0.1513
model-1664982448,1664982540.819,0.86,0.0888,0.8,0.1537
model-1664982448,1664982540.877,0.87,0.0919,0.79,0.1646
model-1664982448,1664982540.952,0.92,0.0787,0.8,0.1353
model-1664982448,1664982541.011,0.79,0.1353,0.76,0.1535
model-1664982448,1664982541.069,0.9,0.0807,0.77,0.1463
model-1664982448,1664982541.134,0.86,0.1121,0.79,0.1633
model-1664982448,1664982541.202,0.82,0.1128,0.85,0.1289
model-1664982448,1664982541.252,0.87,0.105,0.76,0.1733
model-1664982448,1664982541.316,0.85,0.1209,0.78,0.1449
model-1664982448,1664982541.371,0.89,0.097,0.8,0.1472
model-1664982448,1664982541.433,0.92,0.0645,0.79,0.1497
model-1664982448,1664982541.491,0.82,0.1326,0.85,0.1302
model-1664982448,1664982541.552,0.88,0.0835,0.82,0.1257
model-1664982448,1664982541.627,0.88,0.1041,0.81,0.1427
model-1664982448,1664982541.714,0.87,0.1024,0.82,0.1248
model-1664982448,1664982541.807,0.87,0.1153,0.76,0.1584
model-1664982448,1664982541.928,0.87,0.1146,0.77,0.1352
model-1664982448,1664982542.028,0.89,0.0857,0.7,0.2049
model-1664982448,1664982542.099,0.89,0.0858,0.8,0.1722
model-1664982448,1664982542.174,0.88,0.0962,0.82,0.1486
model-1664982448,1664982542.249,0.83,0.139,0.71,0.1848
model-1664982448,1664982542.331,0.93,0.0784,0.82,0.1346
model-1664982448,1664982542.411,0.86,0.0928,0.81,0.1278
model-1664982448,1664982542.479,0.9,0.079,0.79,0.145
model-1664982448,1664982542.549,0.9,0.0884,0.76,0.156
model-1664982448,1664982542.594,0.87,0.1044,0.77,0.1521
model-1664982448,1664982542.66,0.89,0.0831,0.79,0.1701
model-1664982448,1664982542.7,0.9,0.0916,0.78,0.1667
model-1664982448,1664982542.778,0.85,0.1093,0.81,0.1455
model-1664982448,1664982542.835,0.84,0.1096,0.78,0.1468
model-1664982448,1664982542.893,0.83,0.1176,0.73,0.1719
model-1664982448,1664982542.934,0.91,0.0883,0.78,0.1409
model-1664982448,1664982542.995,0.91,0.0711,0.71,0.2254
model-1664982448,1664982543.052,0.88,0.097,0.81,0.1315
model-1664982448,1664982543.095,0.95,0.0489,0.82,0.137
model-1664982448,1664982543.163,0.87,0.1021,0.77,0.1786
model-1664982448,1664982543.2,0.9,0.0759,0.76,0.1775
model-1664982448,1664982543.261,0.88,0.1057,0.7,0.1959
model-1664982448,1664982543.311,0.83,0.0986,0.81,0.1276
model-1664982448,1664982543.361,0.9,0.0872,0.8,0.1555
model-1664982448,1664982543.402,0.86,0.0901,0.79,0.1688
model-1664982448,1664982543.449,0.88,0.0826,0.79,0.1611
model-1664982448,1664982543.512,0.85,0.085,0.77,0.1698
model-1664982448,1664982543.55,0.87,0.0923,0.8,0.1504
model-1664982448,1664982543.614,0.92,0.0754,0.8,0.1581
model-1664982448,1664982543.665,0.91,0.0735,0.81,0.1553
model-1664982448,1664982543.722,0.85,0.1143,0.74,0.1828
model-1664982448,1664982543.765,0.86,0.1,0.75,0.1914
model-1664982448,1664982543.819,0.84,0.1064,0.78,0.1796
model-1664982448,1664982543.884,0.88,0.0991,0.72,0.2028
model-1664982448,1664982543.936,0.86,0.1162,0.77,0.1588
model-1664982448,1664982543.991,0.89,0.064,0.77,0.1664
model-1664982448,1664982544.036,0.83,0.1216,0.74,0.203
model-1664982448,1664982544.098,0.78,0.1399,0.72,0.1816
model-1664982448,1664982544.133,0.93,0.0548,0.79,0.1571
model-1664982448,1664982544.182,0.83,0.1396,0.78,0.1467
model-1664982448,1664982544.236,0.9,0.0806,0.73,0.1884
model-1664982448,1664982544.298,0.87,0.0963,0.77,0.169
model-1664982448,1664982544.353,0.88,0.088,0.76,0.1559
model-1664982448,1664982544.386,0.89,0.0935,0.77,0.1632
model-1664982448,1664982544.452,0.91,0.0748,0.75,0.1901
model-1664982448,1664982544.51,0.92,0.0668,0.81,0.1525
model-1664982448,1664982544.553,0.9,0.0891,0.72,0.1971
model-1664982448,1664982544.614,0.93,0.0625,0.76,0.1575
model-1664982448,1664982544.65,0.86,0.1034,0.76,0.164
model-1664982448,1664982544.699,0.89,0.0859,0.8,0.1443
model-1664982448,1664982544.764,0.85,0.1326,0.76,0.1484
model-1664982448,1664982544.818,0.87,0.102,0.76,0.1696
model-1664982448,1664982544.871,0.84,0.111,0.74,0.1803
model-1664982448,1664982544.919,0.88,0.0989,0.82,0.143
model-1664982448,1664982544.973,0.87,0.0939,0.7,0.1827
model-1664982448,1664982545.017,0.85,0.0986,0.8,0.1478
model-1664982448,1664982545.068,0.86,0.1192,0.8,0.1731
model-1664982448,1664982545.126,0.79,0.1357,0.77,0.1799
model-1664982448,1664982545.168,0.88,0.1036,0.78,0.1611
model-1664982448,1664982545.23,0.87,0.1094,0.79,0.1479
model-1664982448,1664982545.268,0.9,0.0936,0.82,0.1222
